<?xml version="1.0" encoding="UTF-8"?>
<coverage generated="1741612070330" clover="3.2.0">
  <project timestamp="1741612070330" name="All files">
    <metrics statements="335" coveredstatements="63" conditionals="202" coveredconditionals="27" methods="149" coveredmethods="21" elements="686" coveredelements="111" complexity="0" loc="335" ncloc="335" packages="10" files="32" classes="32"/>
    <package name="MyExpoApp">
      <metrics statements="1" coveredstatements="0" conditionals="0" coveredconditionals="0" methods="0" coveredmethods="0"/>
      <file name="expo-env.d.ts" path="/Users/owner/MyExpoApp/expo-env.d.ts">
        <metrics statements="0" coveredstatements="0" conditionals="0" coveredconditionals="0" methods="0" coveredmethods="0"/>
      </file>
      <file name="jest.config.js" path="/Users/owner/MyExpoApp/jest.config.js">
        <metrics statements="1" coveredstatements="0" conditionals="0" coveredconditionals="0" methods="0" coveredmethods="0"/>
        <line num="1" count="0" type="stmt"/>
      </file>
    </package>
    <package name="MyExpoApp..expo.types">
      <metrics statements="0" coveredstatements="0" conditionals="0" coveredconditionals="0" methods="0" coveredmethods="0"/>
      <file name="router.d.ts" path="/Users/owner/MyExpoApp/.expo/types/router.d.ts">
        <metrics statements="0" coveredstatements="0" conditionals="0" coveredconditionals="0" methods="0" coveredmethods="0"/>
      </file>
    </package>
    <package name="MyExpoApp.app">
      <metrics statements="93" coveredstatements="0" conditionals="73" coveredconditionals="0" methods="62" coveredmethods="0"/>
      <file name="_layout.tsx" path="/Users/owner/MyExpoApp/app/_layout.tsx">
        <metrics statements="9" coveredstatements="0" conditionals="2" coveredconditionals="0" methods="7" coveredmethods="0"/>
        <line num="10" count="0" type="stmt"/>
        <line num="12" count="0" type="stmt"/>
        <line num="31" count="0" type="stmt"/>
        <line num="40" count="0" type="stmt"/>
        <line num="49" count="0" type="stmt"/>
        <line num="58" count="0" type="stmt"/>
        <line num="67" count="0" type="stmt"/>
        <line num="77" count="0" type="stmt"/>
        <line num="86" count="0" type="stmt"/>
      </file>
      <file name="cart.tsx" path="/Users/owner/MyExpoApp/app/cart.tsx">
        <metrics statements="18" coveredstatements="0" conditionals="8" coveredconditionals="0" methods="12" coveredmethods="0"/>
        <line num="26" count="0" type="stmt"/>
        <line num="27" count="0" type="stmt"/>
        <line num="29" count="0" type="stmt"/>
        <line num="30" count="0" type="stmt"/>
        <line num="33" count="0" type="stmt"/>
        <line num="38" count="0" type="stmt"/>
        <line num="39" count="0" type="stmt"/>
        <line num="59" count="0" type="stmt"/>
        <line num="60" count="0" type="stmt"/>
        <line num="62" count="0" type="stmt"/>
        <line num="88" count="0" type="stmt"/>
        <line num="102" count="0" type="stmt"/>
        <line num="115" count="0" type="stmt"/>
        <line num="124" count="0" type="stmt"/>
        <line num="139" count="0" type="stmt"/>
        <line num="149" count="0" type="stmt"/>
        <line num="167" count="0" type="stmt"/>
        <line num="229" count="0" type="stmt"/>
      </file>
      <file name="categories.tsx" path="/Users/owner/MyExpoApp/app/categories.tsx">
        <metrics statements="10" coveredstatements="0" conditionals="2" coveredconditionals="0" methods="5" coveredmethods="0"/>
        <line num="20" count="0" type="stmt"/>
        <line num="21" count="0" type="stmt"/>
        <line num="23" count="0" type="stmt"/>
        <line num="26" count="0" type="stmt"/>
        <line num="32" count="0" type="stmt"/>
        <line num="33" count="0" type="stmt"/>
        <line num="36" count="0" type="stmt"/>
        <line num="60" count="0" type="stmt"/>
        <line num="77" count="0" type="stmt"/>
        <line num="85" count="0" type="stmt"/>
      </file>
      <file name="index.tsx" path="/Users/owner/MyExpoApp/app/index.tsx">
        <metrics statements="2" coveredstatements="0" conditionals="0" coveredconditionals="0" methods="1" coveredmethods="0"/>
        <line num="6" count="0" type="stmt"/>
        <line num="9" count="0" type="stmt"/>
      </file>
      <file name="products.tsx" path="/Users/owner/MyExpoApp/app/products.tsx">
        <metrics statements="42" coveredstatements="0" conditionals="54" coveredconditionals="0" methods="21" coveredmethods="0"/>
        <line num="22" count="0" type="stmt"/>
        <line num="23" count="0" type="stmt"/>
        <line num="24" count="0" type="stmt"/>
        <line num="25" count="0" type="stmt"/>
        <line num="26" count="0" type="stmt"/>
        <line num="27" count="0" type="stmt"/>
        <line num="30" count="0" type="stmt"/>
        <line num="31" count="0" type="stmt"/>
        <line num="35" count="0" type="stmt"/>
        <line num="36" count="0" type="cond" truecount="0" falsecount="2"/>
        <line num="37" count="0" type="cond" truecount="0" falsecount="2"/>
        <line num="40" count="0" type="cond" truecount="0" falsecount="2"/>
        <line num="41" count="0" type="cond" truecount="0" falsecount="2"/>
        <line num="43" count="0" type="cond" truecount="0" falsecount="2"/>
        <line num="47" count="0" type="stmt"/>
        <line num="48" count="0" type="cond" truecount="0" falsecount="2"/>
        <line num="50" count="0" type="cond" truecount="0" falsecount="2"/>
        <line num="53" count="0" type="stmt"/>
        <line num="54" count="0" type="stmt"/>
        <line num="58" count="0" type="stmt"/>
        <line num="60" count="0" type="stmt"/>
        <line num="63" count="0" type="stmt"/>
        <line num="64" count="0" type="stmt"/>
        <line num="67" count="0" type="stmt"/>
        <line num="82" count="0" type="stmt"/>
        <line num="83" count="0" type="stmt"/>
        <line num="92" count="0" type="stmt"/>
        <line num="101" count="0" type="stmt"/>
        <line num="123" count="0" type="stmt"/>
        <line num="134" count="0" type="stmt"/>
        <line num="135" count="0" type="stmt"/>
        <line num="144" count="0" type="stmt"/>
        <line num="158" count="0" type="stmt"/>
        <line num="165" count="0" type="stmt"/>
        <line num="179" count="0" type="stmt"/>
        <line num="193" count="0" type="stmt"/>
        <line num="225" count="0" type="stmt"/>
        <line num="241" count="0" type="stmt"/>
        <line num="249" count="0" type="stmt"/>
        <line num="270" count="0" type="stmt"/>
        <line num="276" count="0" type="stmt"/>
        <line num="293" count="0" type="stmt"/>
      </file>
      <file name="profile.tsx" path="/Users/owner/MyExpoApp/app/profile.tsx">
        <metrics statements="12" coveredstatements="0" conditionals="7" coveredconditionals="0" methods="16" coveredmethods="0"/>
        <line num="21" count="0" type="stmt"/>
        <line num="22" count="0" type="stmt"/>
        <line num="23" count="0" type="stmt"/>
        <line num="25" count="0" type="stmt"/>
        <line num="26" count="0" type="stmt"/>
        <line num="33" count="0" type="stmt"/>
        <line num="38" count="0" type="stmt"/>
        <line num="44" count="0" type="stmt"/>
        <line num="74" count="0" type="stmt"/>
        <line num="80" count="0" type="stmt"/>
        <line num="102" count="0" type="stmt"/>
        <line num="227" count="0" type="stmt"/>
      </file>
    </package>
    <package name="MyExpoApp.app.product">
      <metrics statements="34" coveredstatements="0" conditionals="28" coveredconditionals="0" methods="16" coveredmethods="0"/>
      <file name="[id].tsx" path="/Users/owner/MyExpoApp/app/product/[id].tsx">
        <metrics statements="34" coveredstatements="0" conditionals="28" coveredconditionals="0" methods="16" coveredmethods="0"/>
        <line num="20" count="0" type="stmt"/>
        <line num="21" count="0" type="cond" truecount="0" falsecount="2"/>
        <line num="22" count="0" type="stmt"/>
        <line num="25" count="0" type="stmt"/>
        <line num="27" count="0" type="stmt"/>
        <line num="28" count="0" type="stmt"/>
        <line num="31" count="0" type="stmt"/>
        <line num="33" count="0" type="cond" truecount="0" falsecount="2"/>
        <line num="34" count="0" type="stmt"/>
        <line num="45" count="0" type="stmt"/>
        <line num="52" count="0" type="stmt"/>
        <line num="58" count="0" type="stmt"/>
        <line num="59" count="0" type="stmt"/>
        <line num="60" count="0" type="stmt"/>
        <line num="67" count="0" type="stmt"/>
        <line num="68" count="0" type="stmt"/>
        <line num="69" count="0" type="stmt"/>
        <line num="72" count="0" type="stmt"/>
        <line num="73" count="0" type="stmt"/>
        <line num="74" count="0" type="stmt"/>
        <line num="79" count="0" type="stmt"/>
        <line num="83" count="0" type="stmt"/>
        <line num="85" count="0" type="stmt"/>
        <line num="86" count="0" type="cond" truecount="0" falsecount="2"/>
        <line num="87" count="0" type="stmt"/>
        <line num="91" count="0" type="stmt"/>
        <line num="92" count="0" type="stmt"/>
        <line num="95" count="0" type="stmt"/>
        <line num="107" count="0" type="stmt"/>
        <line num="116" count="0" type="stmt"/>
        <line num="125" count="0" type="stmt"/>
        <line num="155" count="0" type="stmt"/>
        <line num="157" count="0" type="stmt"/>
        <line num="257" count="0" type="stmt"/>
      </file>
    </package>
    <package name="MyExpoApp.components">
      <metrics statements="49" coveredstatements="19" conditionals="33" coveredconditionals="11" methods="24" coveredmethods="8"/>
      <file name="Collapsible.tsx" path="/Users/owner/MyExpoApp/components/Collapsible.tsx">
        <metrics statements="5" coveredstatements="0" conditionals="8" coveredconditionals="0" methods="3" coveredmethods="0"/>
        <line num="11" count="0" type="stmt"/>
        <line num="12" count="0" type="cond" truecount="0" falsecount="2"/>
        <line num="14" count="0" type="stmt"/>
        <line num="18" count="0" type="stmt"/>
        <line num="35" count="0" type="stmt"/>
      </file>
      <file name="EcommerceLanding.tsx" path="/Users/owner/MyExpoApp/components/EcommerceLanding.tsx">
        <metrics statements="16" coveredstatements="16" conditionals="8" coveredconditionals="5" methods="10" coveredmethods="7"/>
        <line num="36" count="7" type="stmt"/>
        <line num="37" count="7" type="stmt"/>
        <line num="38" count="7" type="stmt"/>
        <line num="41" count="7" type="stmt"/>
        <line num="42" count="7" type="stmt"/>
        <line num="43" count="7" type="stmt"/>
        <line num="45" count="7" type="stmt"/>
        <line num="46" count="7" type="stmt"/>
        <line num="67" count="7" type="stmt"/>
        <line num="94" count="7" type="stmt"/>
        <line num="95" count="21" type="stmt"/>
        <line num="98" count="105" type="stmt"/>
        <line num="111" count="7" type="stmt"/>
        <line num="223" count="7" type="stmt"/>
        <line num="237" count="21" type="stmt"/>
        <line num="327" count="1" type="stmt"/>
      </file>
      <file name="ExternalLink.tsx" path="/Users/owner/MyExpoApp/components/ExternalLink.tsx">
        <metrics statements="4" coveredstatements="0" conditionals="2" coveredconditionals="0" methods="2" coveredmethods="0"/>
        <line num="9" count="0" type="stmt"/>
        <line num="15" count="0" type="cond" truecount="0" falsecount="2"/>
        <line num="17" count="0" type="stmt"/>
        <line num="19" count="0" type="stmt"/>
      </file>
      <file name="HapticTab.tsx" path="/Users/owner/MyExpoApp/components/HapticTab.tsx">
        <metrics statements="4" coveredstatements="0" conditionals="2" coveredconditionals="0" methods="2" coveredmethods="0"/>
        <line num="6" count="0" type="stmt"/>
        <line num="10" count="0" type="cond" truecount="0" falsecount="2"/>
        <line num="12" count="0" type="stmt"/>
        <line num="14" count="0" type="stmt"/>
      </file>
      <file name="HelloWave.tsx" path="/Users/owner/MyExpoApp/components/HelloWave.tsx">
        <metrics statements="6" coveredstatements="0" conditionals="0" coveredconditionals="0" methods="3" coveredmethods="0"/>
        <line num="14" count="0" type="stmt"/>
        <line num="16" count="0" type="stmt"/>
        <line num="17" count="0" type="stmt"/>
        <line num="23" count="0" type="stmt"/>
        <line num="27" count="0" type="stmt"/>
        <line num="34" count="0" type="stmt"/>
      </file>
      <file name="ParallaxScrollView.tsx" path="/Users/owner/MyExpoApp/components/ParallaxScrollView.tsx">
        <metrics statements="9" coveredstatements="0" conditionals="2" coveredconditionals="0" methods="2" coveredmethods="0"/>
        <line num="14" count="0" type="stmt"/>
        <line num="26" count="0" type="cond" truecount="0" falsecount="2"/>
        <line num="27" count="0" type="stmt"/>
        <line num="28" count="0" type="stmt"/>
        <line num="29" count="0" type="stmt"/>
        <line num="30" count="0" type="stmt"/>
        <line num="31" count="0" type="stmt"/>
        <line num="47" count="0" type="stmt"/>
        <line num="68" count="0" type="stmt"/>
      </file>
      <file name="ThemedText.tsx" path="/Users/owner/MyExpoApp/components/ThemedText.tsx">
        <metrics statements="3" coveredstatements="3" conditionals="11" coveredconditionals="6" methods="1" coveredmethods="1"/>
        <line num="18" count="1" type="stmt"/>
        <line num="20" count="1" type="stmt"/>
        <line num="36" count="1" type="stmt"/>
      </file>
      <file name="ThemedView.tsx" path="/Users/owner/MyExpoApp/components/ThemedView.tsx">
        <metrics statements="2" coveredstatements="0" conditionals="0" coveredconditionals="0" methods="1" coveredmethods="0"/>
        <line num="11" count="0" type="stmt"/>
        <line num="13" count="0" type="stmt"/>
      </file>
    </package>
    <package name="MyExpoApp.components.ui">
      <metrics statements="38" coveredstatements="24" conditionals="31" coveredconditionals="12" methods="14" coveredmethods="9"/>
      <file name="IconComponents.tsx" path="/Users/owner/MyExpoApp/components/ui/IconComponents.tsx">
        <metrics statements="8" coveredstatements="8" conditionals="8" coveredconditionals="0" methods="4" coveredmethods="4"/>
        <line num="15" count="1" type="stmt"/>
        <line num="19" count="7" type="stmt"/>
        <line num="22" count="1" type="cond" truecount="0" falsecount="2"/>
        <line num="23" count="7" type="stmt"/>
        <line num="26" count="1" type="cond" truecount="0" falsecount="2"/>
        <line num="27" count="105" type="stmt"/>
        <line num="30" count="1" type="stmt"/>
        <line num="34" count="7" type="stmt"/>
      </file>
      <file name="IconSymbol.ios.tsx" path="/Users/owner/MyExpoApp/components/ui/IconSymbol.ios.tsx">
        <metrics statements="1" coveredstatements="0" conditionals="2" coveredconditionals="0" methods="1" coveredmethods="0"/>
        <line num="17" count="0" type="stmt"/>
      </file>
      <file name="IconSymbol.tsx" path="/Users/owner/MyExpoApp/components/ui/IconSymbol.tsx">
        <metrics statements="2" coveredstatements="0" conditionals="1" coveredconditionals="0" methods="1" coveredmethods="0"/>
        <line num="9" count="0" type="stmt"/>
        <line num="42" count="0" type="stmt"/>
      </file>
      <file name="TabBarBackground.ios.tsx" path="/Users/owner/MyExpoApp/components/ui/TabBarBackground.ios.tsx">
        <metrics statements="4" coveredstatements="0" conditionals="0" coveredconditionals="0" methods="2" coveredmethods="0"/>
        <line num="7" count="0" type="stmt"/>
        <line num="19" count="0" type="stmt"/>
        <line num="20" count="0" type="stmt"/>
        <line num="21" count="0" type="stmt"/>
      </file>
      <file name="TabBarBackground.tsx" path="/Users/owner/MyExpoApp/components/ui/TabBarBackground.tsx">
        <metrics statements="1" coveredstatements="0" conditionals="0" coveredconditionals="0" methods="1" coveredmethods="0"/>
        <line num="5" count="0" type="stmt"/>
      </file>
      <file name="badge.tsx" path="/Users/owner/MyExpoApp/components/ui/badge.tsx">
        <metrics statements="17" coveredstatements="11" conditionals="11" coveredconditionals="3" methods="4" coveredmethods="4"/>
        <line num="18" count="14" type="stmt"/>
        <line num="19" count="14" type="cond" truecount="1" falsecount="3"/>
        <line num="21" count="0" type="stmt"/>
        <line num="23" count="0" type="stmt"/>
        <line num="25" count="14" type="stmt"/>
        <line num="27" count="0" type="stmt"/>
        <line num="31" count="14" type="stmt"/>
        <line num="32" count="14" type="cond" truecount="1" falsecount="1"/>
        <line num="34" count="14" type="stmt"/>
        <line num="36" count="0" type="stmt"/>
        <line num="40" count="14" type="stmt"/>
        <line num="41" count="14" type="cond" truecount="1" falsecount="3"/>
        <line num="44" count="0" type="stmt"/>
        <line num="46" count="14" type="stmt"/>
        <line num="48" count="0" type="stmt"/>
        <line num="52" count="14" type="stmt"/>
        <line num="78" count="1" type="stmt"/>
      </file>
      <file name="button.tsx" path="/Users/owner/MyExpoApp/components/ui/button.tsx">
        <metrics statements="5" coveredstatements="5" conditionals="9" coveredconditionals="9" methods="1" coveredmethods="1"/>
        <line num="26" count="42" type="stmt"/>
        <line num="28" count="42" type="stmt"/>
        <line num="41" count="42" type="stmt"/>
        <line num="52" count="42" type="stmt"/>
        <line num="59" count="1" type="stmt"/>
      </file>
    </package>
    <package name="MyExpoApp.constants">
      <metrics statements="3" coveredstatements="3" conditionals="0" coveredconditionals="0" methods="0" coveredmethods="0"/>
      <file name="Colors.ts" path="/Users/owner/MyExpoApp/constants/Colors.ts">
        <metrics statements="3" coveredstatements="3" conditionals="0" coveredconditionals="0" methods="0" coveredmethods="0"/>
        <line num="6" count="1" type="stmt"/>
        <line num="7" count="1" type="stmt"/>
        <line num="9" count="1" type="stmt"/>
      </file>
    </package>
    <package name="MyExpoApp.contexts">
      <metrics statements="61" coveredstatements="13" conditionals="17" coveredconditionals="2" methods="27" coveredmethods="3"/>
      <file name="ShopContext.tsx" path="/Users/owner/MyExpoApp/contexts/ShopContext.tsx">
        <metrics statements="46" coveredstatements="0" conditionals="13" coveredconditionals="0" methods="23" coveredmethods="0"/>
        <line num="43" count="0" type="stmt"/>
        <line num="46" count="0" type="stmt"/>
        <line num="145" count="0" type="stmt"/>
        <line num="195" count="0" type="stmt"/>
        <line num="196" count="0" type="stmt"/>
        <line num="197" count="0" type="stmt"/>
        <line num="198" count="0" type="stmt"/>
        <line num="201" count="0" type="cond" truecount="0" falsecount="1"/>
        <line num="202" count="0" type="stmt"/>
        <line num="203" count="0" type="stmt"/>
        <line num="204" count="0" type="stmt"/>
        <line num="207" count="0" type="cond" truecount="0" falsecount="2"/>
        <line num="209" count="0" type="stmt"/>
        <line num="210" count="0" type="cond" truecount="0" falsecount="2"/>
        <line num="216" count="0" type="stmt"/>
        <line num="222" count="0" type="stmt"/>
        <line num="223" count="0" type="stmt"/>
        <line num="224" count="0" type="stmt"/>
        <line num="229" count="0" type="stmt"/>
        <line num="230" count="0" type="cond" truecount="0" falsecount="2"/>
        <line num="231" count="0" type="stmt"/>
        <line num="232" count="0" type="stmt"/>
        <line num="235" count="0" type="stmt"/>
        <line num="236" count="0" type="stmt"/>
        <line num="237" count="0" type="cond" truecount="0" falsecount="2"/>
        <line num="243" count="0" type="stmt"/>
        <line num="244" count="0" type="stmt"/>
        <line num="248" count="0" type="stmt"/>
        <line num="249" count="0" type="stmt"/>
        <line num="250" count="0" type="stmt"/>
        <line num="252" count="0" type="cond" truecount="0" falsecount="2"/>
        <line num="254" count="0" type="stmt"/>
        <line num="257" count="0" type="stmt"/>
        <line num="263" count="0" type="stmt"/>
        <line num="264" count="0" type="stmt"/>
        <line num="268" count="0" type="stmt"/>
        <line num="269" count="0" type="stmt"/>
        <line num="273" count="0" type="stmt"/>
        <line num="274" count="0" type="stmt"/>
        <line num="279" count="0" type="stmt"/>
        <line num="281" count="0" type="stmt"/>
        <line num="297" count="0" type="stmt"/>
        <line num="302" count="0" type="stmt"/>
        <line num="303" count="0" type="cond" truecount="0" falsecount="2"/>
        <line num="304" count="0" type="stmt"/>
        <line num="306" count="0" type="stmt"/>
      </file>
      <file name="ThemeContext.tsx" path="/Users/owner/MyExpoApp/contexts/ThemeContext.tsx">
        <metrics statements="15" coveredstatements="13" conditionals="4" coveredconditionals="2" methods="4" coveredmethods="3"/>
        <line num="5" count="1" type="stmt"/>
        <line num="20" count="1" type="stmt"/>
        <line num="43" count="1" type="stmt"/>
        <line num="46" count="7" type="stmt"/>
        <line num="47" count="7" type="stmt"/>
        <line num="50" count="7" type="stmt"/>
        <line num="51" count="7" type="stmt"/>
        <line num="54" count="7" type="stmt"/>
        <line num="55" count="0" type="stmt"/>
        <line num="58" count="7" type="cond" truecount="1" falsecount="1"/>
        <line num="60" count="7" type="stmt"/>
        <line num="68" count="49" type="stmt"/>
        <line num="69" count="49" type="cond" truecount="1" falsecount="1"/>
        <line num="70" count="0" type="stmt"/>
        <line num="72" count="49" type="stmt"/>
      </file>
    </package>
    <package name="MyExpoApp.hooks">
      <metrics statements="12" coveredstatements="4" conditionals="6" coveredconditionals="2" methods="3" coveredmethods="1"/>
      <file name="useColorScheme.ts" path="/Users/owner/MyExpoApp/hooks/useColorScheme.ts">
        <metrics statements="0" coveredstatements="0" conditionals="0" coveredconditionals="0" methods="0" coveredmethods="0"/>
      </file>
      <file name="useColorScheme.web.ts" path="/Users/owner/MyExpoApp/hooks/useColorScheme.web.ts">
        <metrics statements="7" coveredstatements="0" conditionals="2" coveredconditionals="0" methods="2" coveredmethods="0"/>
        <line num="8" count="0" type="stmt"/>
        <line num="10" count="0" type="stmt"/>
        <line num="11" count="0" type="stmt"/>
        <line num="14" count="0" type="stmt"/>
        <line num="16" count="0" type="cond" truecount="0" falsecount="2"/>
        <line num="17" count="0" type="stmt"/>
        <line num="20" count="0" type="stmt"/>
      </file>
      <file name="useThemeColor.ts" path="/Users/owner/MyExpoApp/hooks/useThemeColor.ts">
        <metrics statements="5" coveredstatements="4" conditionals="4" coveredconditionals="2" methods="1" coveredmethods="1"/>
        <line num="13" count="1" type="cond" truecount="1" falsecount="1"/>
        <line num="14" count="1" type="stmt"/>
        <line num="16" count="1" type="cond" truecount="1" falsecount="1"/>
        <line num="17" count="0" type="stmt"/>
        <line num="19" count="1" type="stmt"/>
      </file>
    </package>
    <package name="MyExpoApp.scripts">
      <metrics statements="44" coveredstatements="0" conditionals="14" coveredconditionals="0" methods="3" coveredmethods="0"/>
      <file name="reset-project.js" path="/Users/owner/MyExpoApp/scripts/reset-project.js">
        <metrics statements="44" coveredstatements="0" conditionals="14" coveredconditionals="0" methods="3" coveredmethods="0"/>
        <line num="9" count="0" type="stmt"/>
        <line num="10" count="0" type="stmt"/>
        <line num="11" count="0" type="stmt"/>
        <line num="13" count="0" type="stmt"/>
        <line num="14" count="0" type="stmt"/>
        <line num="15" count="0" type="stmt"/>
        <line num="16" count="0" type="stmt"/>
        <line num="17" count="0" type="stmt"/>
        <line num="19" count="0" type="stmt"/>
        <line num="36" count="0" type="stmt"/>
        <line num="43" count="0" type="stmt"/>
        <line num="48" count="0" type="stmt"/>
        <line num="49" count="0" type="stmt"/>
        <line num="50" count="0" type="cond" truecount="0" falsecount="2"/>
        <line num="52" count="0" type="stmt"/>
        <line num="53" count="0" type="stmt"/>
        <line num="57" count="0" type="stmt"/>
        <line num="58" count="0" type="stmt"/>
        <line num="59" count="0" type="cond" truecount="0" falsecount="2"/>
        <line num="60" count="0" type="cond" truecount="0" falsecount="2"/>
        <line num="61" count="0" type="stmt"/>
        <line num="62" count="0" type="stmt"/>
        <line num="63" count="0" type="stmt"/>
        <line num="65" count="0" type="stmt"/>
        <line num="66" count="0" type="stmt"/>
        <line num="69" count="0" type="stmt"/>
        <line num="74" count="0" type="stmt"/>
        <line num="75" count="0" type="stmt"/>
        <line num="76" count="0" type="stmt"/>
        <line num="79" count="0" type="stmt"/>
        <line num="80" count="0" type="stmt"/>
        <line num="81" count="0" type="stmt"/>
        <line num="84" count="0" type="stmt"/>
        <line num="85" count="0" type="stmt"/>
        <line num="86" count="0" type="stmt"/>
        <line num="88" count="0" type="stmt"/>
        <line num="89" count="0" type="stmt"/>
        <line num="97" count="0" type="stmt"/>
        <line num="101" count="0" type="stmt"/>
        <line num="104" count="0" type="cond" truecount="0" falsecount="2"/>
        <line num="105" count="0" type="cond" truecount="0" falsecount="4"/>
        <line num="106" count="0" type="stmt"/>
        <line num="108" count="0" type="stmt"/>
        <line num="109" count="0" type="stmt"/>
      </file>
    </package>
  </project>
</coverage>
