{"/Users/owner/MyExpoApp/expo-env.d.ts": {"path":"/Users/owner/MyExpoApp/expo-env.d.ts","statementMap":{},"fnMap":{},"branchMap":{},"s":{},"f":{},"b":{}}
,"/Users/owner/MyExpoApp/jest.config.js": {"path":"/Users/owner/MyExpoApp/jest.config.js","statementMap":{"0":{"start":{"line":1,"column":0},"end":{"line":16,"column":2}}},"fnMap":{},"branchMap":{},"s":{"0":0},"f":{},"b":{}}
,"/Users/owner/MyExpoApp/.expo/types/router.d.ts": {"path":"/Users/owner/MyExpoApp/.expo/types/router.d.ts","statementMap":{},"fnMap":{},"branchMap":{},"s":{},"f":{},"b":{}}
,"/Users/owner/MyExpoApp/app/_layout.tsx": {"path":"/Users/owner/MyExpoApp/app/_layout.tsx","statementMap":{"0":{"start":{"line":10,"column":32},"end":{"line":10,"column":42}},"1":{"start":{"line":12,"column":2},"end":{"line":73,"column":4}},"2":{"start":{"line":31,"column":14},"end":{"line":31,"column":72}},"3":{"start":{"line":40,"column":14},"end":{"line":40,"column":72}},"4":{"start":{"line":49,"column":14},"end":{"line":49,"column":72}},"5":{"start":{"line":58,"column":14},"end":{"line":58,"column":72}},"6":{"start":{"line":67,"column":14},"end":{"line":67,"column":74}},"7":{"start":{"line":77,"column":2},"end":{"line":83,"column":4}},"8":{"start":{"line":86,"column":15},"end":{"line":90,"column":2}}},"fnMap":{"0":{"name":"TabsNavigator","decl":{"start":{"line":9,"column":9},"end":{"line":9,"column":22}},"loc":{"start":{"line":9,"column":25},"end":{"line":74,"column":1}},"line":9},"1":{"name":"(anonymous_1)","decl":{"start":{"line":30,"column":24},"end":{"line":30,"column":25}},"loc":{"start":{"line":31,"column":14},"end":{"line":31,"column":72}},"line":31},"2":{"name":"(anonymous_2)","decl":{"start":{"line":39,"column":24},"end":{"line":39,"column":25}},"loc":{"start":{"line":40,"column":14},"end":{"line":40,"column":72}},"line":40},"3":{"name":"(anonymous_3)","decl":{"start":{"line":48,"column":24},"end":{"line":48,"column":25}},"loc":{"start":{"line":49,"column":14},"end":{"line":49,"column":72}},"line":49},"4":{"name":"(anonymous_4)","decl":{"start":{"line":57,"column":24},"end":{"line":57,"column":25}},"loc":{"start":{"line":58,"column":14},"end":{"line":58,"column":72}},"line":58},"5":{"name":"(anonymous_5)","decl":{"start":{"line":66,"column":24},"end":{"line":66,"column":25}},"loc":{"start":{"line":67,"column":14},"end":{"line":67,"column":74}},"line":67},"6":{"name":"AppLayout","decl":{"start":{"line":76,"column":24},"end":{"line":76,"column":33}},"loc":{"start":{"line":76,"column":36},"end":{"line":84,"column":1}},"line":76}},"branchMap":{"0":{"loc":{"start":{"line":14,"column":24},"end":{"line":14,"column":53}},"type":"cond-expr","locations":[{"start":{"line":14,"column":37},"end":{"line":14,"column":44}},{"start":{"line":14,"column":47},"end":{"line":14,"column":53}}],"line":14}},"s":{"0":0,"1":0,"2":0,"3":0,"4":0,"5":0,"6":0,"7":0,"8":0},"f":{"0":0,"1":0,"2":0,"3":0,"4":0,"5":0,"6":0},"b":{"0":[0,0]}}
,"/Users/owner/MyExpoApp/app/cart.tsx": {"path":"/Users/owner/MyExpoApp/app/cart.tsx","statementMap":{"0":{"start":{"line":26,"column":6},"end":{"line":26,"column":15}},"1":{"start":{"line":27,"column":32},"end":{"line":27,"column":42}},"2":{"start":{"line":29,"column":25},"end":{"line":36,"column":3}},"3":{"start":{"line":30,"column":4},"end":{"line":35,"column":7}},"4":{"start":{"line":33,"column":23},"end":{"line":33,"column":34}},"5":{"start":{"line":38,"column":26},"end":{"line":57,"column":3}},"6":{"start":{"line":39,"column":4},"end":{"line":56,"column":6}},"7":{"start":{"line":59,"column":25},"end":{"line":122,"column":3}},"8":{"start":{"line":60,"column":34},"end":{"line":60,"column":38}},"9":{"start":{"line":62,"column":4},"end":{"line":121,"column":6}},"10":{"start":{"line":88,"column":29},"end":{"line":88,"column":77}},"11":{"start":{"line":102,"column":29},"end":{"line":102,"column":77}},"12":{"start":{"line":115,"column":27},"end":{"line":115,"column":53}},"13":{"start":{"line":124,"column":2},"end":{"line":226,"column":4}},"14":{"start":{"line":139,"column":14},"end":{"line":153,"column":16}},"15":{"start":{"line":149,"column":35},"end":{"line":149,"column":46}},"16":{"start":{"line":167,"column":32},"end":{"line":167,"column":58}},"17":{"start":{"line":229,"column":15},"end":{"line":386,"column":2}}},"fnMap":{"0":{"name":"CartScreen","decl":{"start":{"line":18,"column":24},"end":{"line":18,"column":34}},"loc":{"start":{"line":18,"column":37},"end":{"line":227,"column":1}},"line":18},"1":{"name":"(anonymous_1)","decl":{"start":{"line":29,"column":25},"end":{"line":29,"column":26}},"loc":{"start":{"line":29,"column":31},"end":{"line":36,"column":3}},"line":29},"2":{"name":"(anonymous_2)","decl":{"start":{"line":33,"column":17},"end":{"line":33,"column":18}},"loc":{"start":{"line":33,"column":23},"end":{"line":33,"column":34}},"line":33},"3":{"name":"(anonymous_3)","decl":{"start":{"line":38,"column":26},"end":{"line":38,"column":27}},"loc":{"start":{"line":38,"column":32},"end":{"line":57,"column":3}},"line":38},"4":{"name":"(anonymous_4)","decl":{"start":{"line":50,"column":19},"end":{"line":50,"column":20}},"loc":{"start":{"line":50,"column":25},"end":{"line":50,"column":27}},"line":50},"5":{"name":"(anonymous_5)","decl":{"start":{"line":59,"column":25},"end":{"line":59,"column":26}},"loc":{"start":{"line":59,"column":59},"end":{"line":122,"column":3}},"line":59},"6":{"name":"(anonymous_6)","decl":{"start":{"line":88,"column":23},"end":{"line":88,"column":24}},"loc":{"start":{"line":88,"column":29},"end":{"line":88,"column":77}},"line":88},"7":{"name":"(anonymous_7)","decl":{"start":{"line":102,"column":23},"end":{"line":102,"column":24}},"loc":{"start":{"line":102,"column":29},"end":{"line":102,"column":77}},"line":102},"8":{"name":"(anonymous_8)","decl":{"start":{"line":115,"column":21},"end":{"line":115,"column":22}},"loc":{"start":{"line":115,"column":27},"end":{"line":115,"column":53}},"line":115},"9":{"name":"(anonymous_9)","decl":{"start":{"line":138,"column":21},"end":{"line":138,"column":22}},"loc":{"start":{"line":138,"column":27},"end":{"line":154,"column":13}},"line":138},"10":{"name":"(anonymous_10)","decl":{"start":{"line":149,"column":29},"end":{"line":149,"column":30}},"loc":{"start":{"line":149,"column":35},"end":{"line":149,"column":46}},"line":149},"11":{"name":"(anonymous_11)","decl":{"start":{"line":167,"column":22},"end":{"line":167,"column":23}},"loc":{"start":{"line":167,"column":32},"end":{"line":167,"column":58}},"line":167}},"branchMap":{"0":{"loc":{"start":{"line":128,"column":24},"end":{"line":128,"column":53}},"type":"cond-expr","locations":[{"start":{"line":128,"column":37},"end":{"line":128,"column":44}},{"start":{"line":128,"column":47},"end":{"line":128,"column":53}}],"line":128},"1":{"loc":{"start":{"line":135,"column":9},"end":{"line":160,"column":9}},"type":"binary-expr","locations":[{"start":{"line":135,"column":9},"end":{"line":135,"column":24}},{"start":{"line":136,"column":10},"end":{"line":159,"column":29}}],"line":135},"2":{"loc":{"start":{"line":170,"column":10},"end":{"line":170,"column":54}},"type":"binary-expr","locations":[{"start":{"line":170,"column":10},"end":{"line":170,"column":27}},{"start":{"line":170,"column":31},"end":{"line":170,"column":54}}],"line":170},"3":{"loc":{"start":{"line":177,"column":7},"end":{"line":224,"column":7}},"type":"binary-expr","locations":[{"start":{"line":177,"column":7},"end":{"line":177,"column":22}},{"start":{"line":178,"column":8},"end":{"line":223,"column":15}}],"line":177}},"s":{"0":0,"1":0,"2":0,"3":0,"4":0,"5":0,"6":0,"7":0,"8":0,"9":0,"10":0,"11":0,"12":0,"13":0,"14":0,"15":0,"16":0,"17":0},"f":{"0":0,"1":0,"2":0,"3":0,"4":0,"5":0,"6":0,"7":0,"8":0,"9":0,"10":0,"11":0},"b":{"0":[0,0],"1":[0,0],"2":[0,0],"3":[0,0]}}
,"/Users/owner/MyExpoApp/app/categories.tsx": {"path":"/Users/owner/MyExpoApp/app/categories.tsx","statementMap":{"0":{"start":{"line":20,"column":25},"end":{"line":20,"column":34}},"1":{"start":{"line":21,"column":32},"end":{"line":21,"column":42}},"2":{"start":{"line":23,"column":30},"end":{"line":30,"column":3}},"3":{"start":{"line":26,"column":4},"end":{"line":29,"column":7}},"4":{"start":{"line":32,"column":29},"end":{"line":58,"column":3}},"5":{"start":{"line":33,"column":4},"end":{"line":57,"column":6}},"6":{"start":{"line":36,"column":23},"end":{"line":36,"column":53}},"7":{"start":{"line":60,"column":2},"end":{"line":82,"column":4}},"8":{"start":{"line":77,"column":32},"end":{"line":77,"column":50}},"9":{"start":{"line":85,"column":15},"end":{"line":129,"column":2}}},"fnMap":{"0":{"name":"CategoriesScreen","decl":{"start":{"line":19,"column":24},"end":{"line":19,"column":40}},"loc":{"start":{"line":19,"column":43},"end":{"line":83,"column":1}},"line":19},"1":{"name":"(anonymous_1)","decl":{"start":{"line":23,"column":30},"end":{"line":23,"column":31}},"loc":{"start":{"line":23,"column":56},"end":{"line":30,"column":3}},"line":23},"2":{"name":"(anonymous_2)","decl":{"start":{"line":32,"column":29},"end":{"line":32,"column":30}},"loc":{"start":{"line":32,"column":63},"end":{"line":58,"column":3}},"line":32},"3":{"name":"(anonymous_3)","decl":{"start":{"line":36,"column":17},"end":{"line":36,"column":18}},"loc":{"start":{"line":36,"column":23},"end":{"line":36,"column":53}},"line":36},"4":{"name":"(anonymous_4)","decl":{"start":{"line":77,"column":22},"end":{"line":77,"column":23}},"loc":{"start":{"line":77,"column":32},"end":{"line":77,"column":50}},"line":77}},"branchMap":{"0":{"loc":{"start":{"line":64,"column":24},"end":{"line":64,"column":53}},"type":"cond-expr","locations":[{"start":{"line":64,"column":37},"end":{"line":64,"column":44}},{"start":{"line":64,"column":47},"end":{"line":64,"column":53}}],"line":64}},"s":{"0":0,"1":0,"2":0,"3":0,"4":0,"5":0,"6":0,"7":0,"8":0,"9":0},"f":{"0":0,"1":0,"2":0,"3":0,"4":0},"b":{"0":[0,0]}}
,"/Users/owner/MyExpoApp/app/index.tsx": {"path":"/Users/owner/MyExpoApp/app/index.tsx","statementMap":{"0":{"start":{"line":6,"column":2},"end":{"line":6,"column":30}},"1":{"start":{"line":9,"column":15},"end":{"line":14,"column":2}}},"fnMap":{"0":{"name":"HomeScreen","decl":{"start":{"line":5,"column":24},"end":{"line":5,"column":34}},"loc":{"start":{"line":5,"column":37},"end":{"line":7,"column":1}},"line":5}},"branchMap":{},"s":{"0":0,"1":0},"f":{"0":0},"b":{}}
,"/Users/owner/MyExpoApp/app/products.tsx": {"path":"/Users/owner/MyExpoApp/app/products.tsx","statementMap":{"0":{"start":{"line":22,"column":4},"end":{"line":22,"column":13}},"1":{"start":{"line":23,"column":32},"end":{"line":23,"column":42}},"2":{"start":{"line":24,"column":40},"end":{"line":24,"column":52}},"3":{"start":{"line":25,"column":38},"end":{"line":25,"column":52}},"4":{"start":{"line":26,"column":30},"end":{"line":26,"column":75}},"5":{"start":{"line":27,"column":36},"end":{"line":27,"column":67}},"6":{"start":{"line":30,"column":27},"end":{"line":32,"column":3}},"7":{"start":{"line":31,"column":4},"end":{"line":31,"column":66}},"8":{"start":{"line":35,"column":25},"end":{"line":45,"column":4}},"9":{"start":{"line":36,"column":4},"end":{"line":44,"column":5}},"10":{"start":{"line":37,"column":6},"end":{"line":39,"column":39}},"11":{"start":{"line":40,"column":11},"end":{"line":44,"column":5}},"12":{"start":{"line":41,"column":6},"end":{"line":41,"column":73}},"13":{"start":{"line":43,"column":6},"end":{"line":43,"column":77}},"14":{"start":{"line":47,"column":27},"end":{"line":56,"column":3}},"15":{"start":{"line":48,"column":4},"end":{"line":55,"column":5}},"16":{"start":{"line":50,"column":6},"end":{"line":50,"column":57}},"17":{"start":{"line":53,"column":6},"end":{"line":53,"column":27}},"18":{"start":{"line":54,"column":6},"end":{"line":54,"column":26}},"19":{"start":{"line":58,"column":29},"end":{"line":61,"column":3}},"20":{"start":{"line":60,"column":4},"end":{"line":60,"column":41}},"21":{"start":{"line":63,"column":22},"end":{"line":79,"column":3}},"22":{"start":{"line":64,"column":4},"end":{"line":78,"column":6}},"23":{"start":{"line":67,"column":10},"end":{"line":72,"column":12}},"24":{"start":{"line":82,"column":25},"end":{"line":131,"column":3}},"25":{"start":{"line":83,"column":4},"end":{"line":130,"column":6}},"26":{"start":{"line":92,"column":23},"end":{"line":92,"column":50}},"27":{"start":{"line":101,"column":27},"end":{"line":101,"column":47}},"28":{"start":{"line":123,"column":27},"end":{"line":123,"column":42}},"29":{"start":{"line":134,"column":25},"end":{"line":177,"column":3}},"30":{"start":{"line":135,"column":4},"end":{"line":176,"column":6}},"31":{"start":{"line":144,"column":23},"end":{"line":144,"column":50}},"32":{"start":{"line":158,"column":29},"end":{"line":158,"column":44}},"33":{"start":{"line":165,"column":29},"end":{"line":165,"column":49}},"34":{"start":{"line":179,"column":2},"end":{"line":290,"column":4}},"35":{"start":{"line":193,"column":27},"end":{"line":193,"column":53}},"36":{"start":{"line":225,"column":43},"end":{"line":225,"column":61}},"37":{"start":{"line":241,"column":10},"end":{"line":262,"column":29}},"38":{"start":{"line":249,"column":14},"end":{"line":249,"column":69}},"39":{"start":{"line":270,"column":32},"end":{"line":270,"column":50}},"40":{"start":{"line":276,"column":10},"end":{"line":286,"column":17}},"41":{"start":{"line":293,"column":15},"end":{"line":479,"column":2}}},"fnMap":{"0":{"name":"ProductsScreen","decl":{"start":{"line":20,"column":24},"end":{"line":20,"column":38}},"loc":{"start":{"line":20,"column":41},"end":{"line":291,"column":1}},"line":20},"1":{"name":"(anonymous_1)","decl":{"start":{"line":30,"column":43},"end":{"line":30,"column":44}},"loc":{"start":{"line":31,"column":4},"end":{"line":31,"column":66}},"line":31},"2":{"name":"(anonymous_2)","decl":{"start":{"line":35,"column":52},"end":{"line":35,"column":53}},"loc":{"start":{"line":35,"column":62},"end":{"line":45,"column":3}},"line":35},"3":{"name":"(anonymous_3)","decl":{"start":{"line":47,"column":27},"end":{"line":47,"column":28}},"loc":{"start":{"line":47,"column":71},"end":{"line":56,"column":3}},"line":47},"4":{"name":"(anonymous_4)","decl":{"start":{"line":58,"column":29},"end":{"line":58,"column":30}},"loc":{"start":{"line":58,"column":52},"end":{"line":61,"column":3}},"line":58},"5":{"name":"(anonymous_5)","decl":{"start":{"line":63,"column":22},"end":{"line":63,"column":23}},"loc":{"start":{"line":63,"column":42},"end":{"line":79,"column":3}},"line":63},"6":{"name":"(anonymous_6)","decl":{"start":{"line":66,"column":27},"end":{"line":66,"column":28}},"loc":{"start":{"line":67,"column":10},"end":{"line":72,"column":12}},"line":67},"7":{"name":"(anonymous_7)","decl":{"start":{"line":82,"column":25},"end":{"line":82,"column":26}},"loc":{"start":{"line":82,"column":58},"end":{"line":131,"column":3}},"line":82},"8":{"name":"(anonymous_8)","decl":{"start":{"line":92,"column":17},"end":{"line":92,"column":18}},"loc":{"start":{"line":92,"column":23},"end":{"line":92,"column":50}},"line":92},"9":{"name":"(anonymous_9)","decl":{"start":{"line":101,"column":21},"end":{"line":101,"column":22}},"loc":{"start":{"line":101,"column":27},"end":{"line":101,"column":47}},"line":101},"10":{"name":"(anonymous_10)","decl":{"start":{"line":123,"column":21},"end":{"line":123,"column":22}},"loc":{"start":{"line":123,"column":27},"end":{"line":123,"column":42}},"line":123},"11":{"name":"(anonymous_11)","decl":{"start":{"line":134,"column":25},"end":{"line":134,"column":26}},"loc":{"start":{"line":134,"column":58},"end":{"line":177,"column":3}},"line":134},"12":{"name":"(anonymous_12)","decl":{"start":{"line":144,"column":17},"end":{"line":144,"column":18}},"loc":{"start":{"line":144,"column":23},"end":{"line":144,"column":50}},"line":144},"13":{"name":"(anonymous_13)","decl":{"start":{"line":158,"column":23},"end":{"line":158,"column":24}},"loc":{"start":{"line":158,"column":29},"end":{"line":158,"column":44}},"line":158},"14":{"name":"(anonymous_14)","decl":{"start":{"line":165,"column":23},"end":{"line":165,"column":24}},"loc":{"start":{"line":165,"column":29},"end":{"line":165,"column":49}},"line":165},"15":{"name":"(anonymous_15)","decl":{"start":{"line":193,"column":21},"end":{"line":193,"column":22}},"loc":{"start":{"line":193,"column":27},"end":{"line":193,"column":53}},"line":193},"16":{"name":"(anonymous_16)","decl":{"start":{"line":225,"column":37},"end":{"line":225,"column":38}},"loc":{"start":{"line":225,"column":43},"end":{"line":225,"column":61}},"line":225},"17":{"name":"(anonymous_17)","decl":{"start":{"line":240,"column":41},"end":{"line":240,"column":42}},"loc":{"start":{"line":241,"column":10},"end":{"line":262,"column":29}},"line":241},"18":{"name":"(anonymous_18)","decl":{"start":{"line":248,"column":21},"end":{"line":248,"column":22}},"loc":{"start":{"line":249,"column":14},"end":{"line":249,"column":69}},"line":249},"19":{"name":"(anonymous_19)","decl":{"start":{"line":270,"column":22},"end":{"line":270,"column":23}},"loc":{"start":{"line":270,"column":32},"end":{"line":270,"column":50}},"line":270},"20":{"name":"(anonymous_20)","decl":{"start":{"line":275,"column":28},"end":{"line":275,"column":29}},"loc":{"start":{"line":276,"column":10},"end":{"line":286,"column":17}},"line":276}},"branchMap":{"0":{"loc":{"start":{"line":36,"column":4},"end":{"line":44,"column":5}},"type":"if","locations":[{"start":{"line":36,"column":4},"end":{"line":44,"column":5}},{"start":{"line":40,"column":11},"end":{"line":44,"column":5}}],"line":36},"1":{"loc":{"start":{"line":37,"column":13},"end":{"line":39,"column":38}},"type":"cond-expr","locations":[{"start":{"line":38,"column":10},"end":{"line":38,"column":38}},{"start":{"line":39,"column":10},"end":{"line":39,"column":38}}],"line":37},"2":{"loc":{"start":{"line":40,"column":11},"end":{"line":44,"column":5}},"type":"if","locations":[{"start":{"line":40,"column":11},"end":{"line":44,"column":5}},{"start":{"line":42,"column":11},"end":{"line":44,"column":5}}],"line":40},"3":{"loc":{"start":{"line":41,"column":13},"end":{"line":41,"column":72}},"type":"cond-expr","locations":[{"start":{"line":41,"column":35},"end":{"line":41,"column":52}},{"start":{"line":41,"column":55},"end":{"line":41,"column":72}}],"line":41},"4":{"loc":{"start":{"line":43,"column":13},"end":{"line":43,"column":76}},"type":"cond-expr","locations":[{"start":{"line":43,"column":35},"end":{"line":43,"column":54}},{"start":{"line":43,"column":57},"end":{"line":43,"column":76}}],"line":43},"5":{"loc":{"start":{"line":48,"column":4},"end":{"line":55,"column":5}},"type":"if","locations":[{"start":{"line":48,"column":4},"end":{"line":55,"column":5}},{"start":{"line":51,"column":11},"end":{"line":55,"column":5}}],"line":48},"6":{"loc":{"start":{"line":50,"column":19},"end":{"line":50,"column":55}},"type":"cond-expr","locations":[{"start":{"line":50,"column":41},"end":{"line":50,"column":47}},{"start":{"line":50,"column":50},"end":{"line":50,"column":55}}],"line":50},"7":{"loc":{"start":{"line":69,"column":18},"end":{"line":69,"column":66}},"type":"cond-expr","locations":[{"start":{"line":69,"column":43},"end":{"line":69,"column":49}},{"start":{"line":69,"column":52},"end":{"line":69,"column":66}}],"line":69},"8":{"loc":{"start":{"line":71,"column":19},"end":{"line":71,"column":75}},"type":"cond-expr","locations":[{"start":{"line":71,"column":44},"end":{"line":71,"column":53}},{"start":{"line":71,"column":56},"end":{"line":71,"column":75}}],"line":71},"9":{"loc":{"start":{"line":104,"column":20},"end":{"line":104,"column":67}},"type":"cond-expr","locations":[{"start":{"line":104,"column":42},"end":{"line":104,"column":49}},{"start":{"line":104,"column":52},"end":{"line":104,"column":67}}],"line":104},"10":{"loc":{"start":{"line":106,"column":21},"end":{"line":106,"column":76}},"type":"cond-expr","locations":[{"start":{"line":106,"column":43},"end":{"line":106,"column":54}},{"start":{"line":106,"column":57},"end":{"line":106,"column":76}}],"line":106},"11":{"loc":{"start":{"line":122,"column":21},"end":{"line":122,"column":62}},"type":"cond-expr","locations":[{"start":{"line":122,"column":41},"end":{"line":122,"column":50}},{"start":{"line":122,"column":53},"end":{"line":122,"column":62}}],"line":122},"12":{"loc":{"start":{"line":126,"column":13},"end":{"line":126,"column":64}},"type":"cond-expr","locations":[{"start":{"line":126,"column":33},"end":{"line":126,"column":48}},{"start":{"line":126,"column":51},"end":{"line":126,"column":64}}],"line":126},"13":{"loc":{"start":{"line":157,"column":23},"end":{"line":157,"column":64}},"type":"cond-expr","locations":[{"start":{"line":157,"column":43},"end":{"line":157,"column":52}},{"start":{"line":157,"column":55},"end":{"line":157,"column":64}}],"line":157},"14":{"loc":{"start":{"line":161,"column":15},"end":{"line":161,"column":58}},"type":"cond-expr","locations":[{"start":{"line":161,"column":35},"end":{"line":161,"column":42}},{"start":{"line":161,"column":45},"end":{"line":161,"column":58}}],"line":161},"15":{"loc":{"start":{"line":168,"column":22},"end":{"line":168,"column":69}},"type":"cond-expr","locations":[{"start":{"line":168,"column":44},"end":{"line":168,"column":51}},{"start":{"line":168,"column":54},"end":{"line":168,"column":69}}],"line":168},"16":{"loc":{"start":{"line":170,"column":23},"end":{"line":170,"column":78}},"type":"cond-expr","locations":[{"start":{"line":170,"column":45},"end":{"line":170,"column":56}},{"start":{"line":170,"column":59},"end":{"line":170,"column":78}}],"line":170},"17":{"loc":{"start":{"line":183,"column":24},"end":{"line":183,"column":53}},"type":"cond-expr","locations":[{"start":{"line":183,"column":37},"end":{"line":183,"column":44}},{"start":{"line":183,"column":47},"end":{"line":183,"column":53}}],"line":183},"18":{"loc":{"start":{"line":196,"column":20},"end":{"line":196,"column":64}},"type":"cond-expr","locations":[{"start":{"line":196,"column":33},"end":{"line":196,"column":47}},{"start":{"line":196,"column":50},"end":{"line":196,"column":64}}],"line":196},"19":{"loc":{"start":{"line":224,"column":9},"end":{"line":232,"column":9}},"type":"binary-expr","locations":[{"start":{"line":224,"column":9},"end":{"line":224,"column":31}},{"start":{"line":225,"column":10},"end":{"line":231,"column":29}}],"line":224},"20":{"loc":{"start":{"line":246,"column":14},"end":{"line":246,"column":76}},"type":"binary-expr","locations":[{"start":{"line":246,"column":14},"end":{"line":246,"column":31}},{"start":{"line":246,"column":35},"end":{"line":246,"column":76}}],"line":246},"21":{"loc":{"start":{"line":256,"column":16},"end":{"line":256,"column":61}},"type":"binary-expr","locations":[{"start":{"line":256,"column":16},"end":{"line":256,"column":33}},{"start":{"line":256,"column":37},"end":{"line":256,"column":61}}],"line":256},"22":{"loc":{"start":{"line":260,"column":15},"end":{"line":260,"column":69}},"type":"binary-expr","locations":[{"start":{"line":260,"column":15},"end":{"line":260,"column":32}},{"start":{"line":260,"column":37},"end":{"line":260,"column":68}}],"line":260},"23":{"loc":{"start":{"line":260,"column":37},"end":{"line":260,"column":68}},"type":"cond-expr","locations":[{"start":{"line":260,"column":59},"end":{"line":260,"column":62}},{"start":{"line":260,"column":65},"end":{"line":260,"column":68}}],"line":260},"24":{"loc":{"start":{"line":269,"column":20},"end":{"line":269,"column":64}},"type":"cond-expr","locations":[{"start":{"line":269,"column":33},"end":{"line":269,"column":47}},{"start":{"line":269,"column":50},"end":{"line":269,"column":64}}],"line":269},"25":{"loc":{"start":{"line":271,"column":20},"end":{"line":271,"column":38}},"type":"cond-expr","locations":[{"start":{"line":271,"column":33},"end":{"line":271,"column":34}},{"start":{"line":271,"column":37},"end":{"line":271,"column":38}}],"line":271},"26":{"loc":{"start":{"line":272,"column":13},"end":{"line":272,"column":41}},"type":"cond-expr","locations":[{"start":{"line":272,"column":26},"end":{"line":272,"column":32}},{"start":{"line":272,"column":35},"end":{"line":272,"column":41}}],"line":272}},"s":{"0":0,"1":0,"2":0,"3":0,"4":0,"5":0,"6":0,"7":0,"8":0,"9":0,"10":0,"11":0,"12":0,"13":0,"14":0,"15":0,"16":0,"17":0,"18":0,"19":0,"20":0,"21":0,"22":0,"23":0,"24":0,"25":0,"26":0,"27":0,"28":0,"29":0,"30":0,"31":0,"32":0,"33":0,"34":0,"35":0,"36":0,"37":0,"38":0,"39":0,"40":0,"41":0},"f":{"0":0,"1":0,"2":0,"3":0,"4":0,"5":0,"6":0,"7":0,"8":0,"9":0,"10":0,"11":0,"12":0,"13":0,"14":0,"15":0,"16":0,"17":0,"18":0,"19":0,"20":0},"b":{"0":[0,0],"1":[0,0],"2":[0,0],"3":[0,0],"4":[0,0],"5":[0,0],"6":[0,0],"7":[0,0],"8":[0,0],"9":[0,0],"10":[0,0],"11":[0,0],"12":[0,0],"13":[0,0],"14":[0,0],"15":[0,0],"16":[0,0],"17":[0,0],"18":[0,0],"19":[0,0],"20":[0,0],"21":[0,0],"22":[0,0],"23":[0,0],"24":[0,0],"25":[0,0],"26":[0,0]}}
,"/Users/owner/MyExpoApp/app/profile.tsx": {"path":"/Users/owner/MyExpoApp/app/profile.tsx","statementMap":{"0":{"start":{"line":21,"column":40},"end":{"line":21,"column":49}},"1":{"start":{"line":22,"column":45},"end":{"line":22,"column":55}},"2":{"start":{"line":23,"column":44},"end":{"line":23,"column":58}},"3":{"start":{"line":25,"column":23},"end":{"line":36,"column":3}},"4":{"start":{"line":26,"column":4},"end":{"line":35,"column":7}},"5":{"start":{"line":33,"column":23},"end":{"line":33,"column":53}},"6":{"start":{"line":38,"column":30},"end":{"line":72,"column":3}},"7":{"start":{"line":44,"column":4},"end":{"line":71,"column":6}},"8":{"start":{"line":74,"column":29},"end":{"line":100,"column":3}},"9":{"start":{"line":80,"column":4},"end":{"line":99,"column":6}},"10":{"start":{"line":102,"column":2},"end":{"line":224,"column":4}},"11":{"start":{"line":227,"column":15},"end":{"line":341,"column":2}}},"fnMap":{"0":{"name":"ProfileScreen","decl":{"start":{"line":20,"column":24},"end":{"line":20,"column":37}},"loc":{"start":{"line":20,"column":40},"end":{"line":225,"column":1}},"line":20},"1":{"name":"(anonymous_1)","decl":{"start":{"line":25,"column":23},"end":{"line":25,"column":24}},"loc":{"start":{"line":25,"column":29},"end":{"line":36,"column":3}},"line":25},"2":{"name":"(anonymous_2)","decl":{"start":{"line":33,"column":17},"end":{"line":33,"column":18}},"loc":{"start":{"line":33,"column":23},"end":{"line":33,"column":53}},"line":33},"3":{"name":"(anonymous_3)","decl":{"start":{"line":38,"column":30},"end":{"line":38,"column":31}},"loc":{"start":{"line":43,"column":7},"end":{"line":72,"column":3}},"line":43},"4":{"name":"(anonymous_4)","decl":{"start":{"line":74,"column":29},"end":{"line":74,"column":30}},"loc":{"start":{"line":79,"column":7},"end":{"line":100,"column":3}},"line":79},"5":{"name":"(anonymous_5)","decl":{"start":{"line":150,"column":12},"end":{"line":150,"column":13}},"loc":{"start":{"line":150,"column":18},"end":{"line":150,"column":20}},"line":150},"6":{"name":"(anonymous_6)","decl":{"start":{"line":152,"column":63},"end":{"line":152,"column":64}},"loc":{"start":{"line":152,"column":69},"end":{"line":152,"column":71}},"line":152},"7":{"name":"(anonymous_7)","decl":{"start":{"line":156,"column":12},"end":{"line":156,"column":13}},"loc":{"start":{"line":156,"column":18},"end":{"line":156,"column":20}},"line":156},"8":{"name":"(anonymous_8)","decl":{"start":{"line":162,"column":12},"end":{"line":162,"column":13}},"loc":{"start":{"line":162,"column":18},"end":{"line":162,"column":20}},"line":162},"9":{"name":"(anonymous_9)","decl":{"start":{"line":164,"column":66},"end":{"line":164,"column":67}},"loc":{"start":{"line":164,"column":72},"end":{"line":164,"column":74}},"line":164},"10":{"name":"(anonymous_10)","decl":{"start":{"line":184,"column":63},"end":{"line":184,"column":64}},"loc":{"start":{"line":184,"column":69},"end":{"line":184,"column":71}},"line":184},"11":{"name":"(anonymous_11)","decl":{"start":{"line":185,"column":59},"end":{"line":185,"column":60}},"loc":{"start":{"line":185,"column":65},"end":{"line":185,"column":67}},"line":185},"12":{"name":"(anonymous_12)","decl":{"start":{"line":193,"column":69},"end":{"line":193,"column":70}},"loc":{"start":{"line":193,"column":75},"end":{"line":193,"column":77}},"line":193},"13":{"name":"(anonymous_13)","decl":{"start":{"line":194,"column":61},"end":{"line":194,"column":62}},"loc":{"start":{"line":194,"column":67},"end":{"line":194,"column":69}},"line":194},"14":{"name":"(anonymous_14)","decl":{"start":{"line":198,"column":12},"end":{"line":198,"column":13}},"loc":{"start":{"line":198,"column":18},"end":{"line":198,"column":20}},"line":198},"15":{"name":"(anonymous_15)","decl":{"start":{"line":203,"column":12},"end":{"line":203,"column":13}},"loc":{"start":{"line":203,"column":18},"end":{"line":203,"column":20}},"line":203}},"branchMap":{"0":{"loc":{"start":{"line":59,"column":11},"end":{"line":63,"column":11}},"type":"binary-expr","locations":[{"start":{"line":59,"column":11},"end":{"line":59,"column":30}},{"start":{"line":59,"column":34},"end":{"line":59,"column":43}},{"start":{"line":60,"column":12},"end":{"line":62,"column":19}}],"line":59},"1":{"loc":{"start":{"line":93,"column":22},"end":{"line":93,"column":65}},"type":"cond-expr","locations":[{"start":{"line":93,"column":30},"end":{"line":93,"column":43}},{"start":{"line":93,"column":46},"end":{"line":93,"column":65}}],"line":93},"2":{"loc":{"start":{"line":106,"column":24},"end":{"line":106,"column":53}},"type":"cond-expr","locations":[{"start":{"line":106,"column":37},"end":{"line":106,"column":44}},{"start":{"line":106,"column":47},"end":{"line":106,"column":53}}],"line":106}},"s":{"0":0,"1":0,"2":0,"3":0,"4":0,"5":0,"6":0,"7":0,"8":0,"9":0,"10":0,"11":0},"f":{"0":0,"1":0,"2":0,"3":0,"4":0,"5":0,"6":0,"7":0,"8":0,"9":0,"10":0,"11":0,"12":0,"13":0,"14":0,"15":0},"b":{"0":[0,0,0],"1":[0,0],"2":[0,0]}}
,"/Users/owner/MyExpoApp/app/product/[id].tsx": {"path":"/Users/owner/MyExpoApp/app/product/[id].tsx","statementMap":{"0":{"start":{"line":20,"column":17},"end":{"line":20,"column":39}},"1":{"start":{"line":21,"column":20},"end":{"line":21,"column":65}},"2":{"start":{"line":22,"column":17},"end":{"line":22,"column":28}},"3":{"start":{"line":25,"column":4},"end":{"line":25,"column":13}},"4":{"start":{"line":27,"column":34},"end":{"line":27,"column":45}},"5":{"start":{"line":28,"column":54},"end":{"line":28,"column":65}},"6":{"start":{"line":31,"column":18},"end":{"line":31,"column":58}},"7":{"start":{"line":31,"column":39},"end":{"line":31,"column":57}},"8":{"start":{"line":33,"column":2},"end":{"line":49,"column":3}},"9":{"start":{"line":34,"column":4},"end":{"line":48,"column":6}},"10":{"start":{"line":45,"column":33},"end":{"line":45,"column":46}},"11":{"start":{"line":52,"column":24},"end":{"line":56,"column":3}},"12":{"start":{"line":58,"column":26},"end":{"line":65,"column":3}},"13":{"start":{"line":59,"column":4},"end":{"line":59,"column":33}},"14":{"start":{"line":60,"column":4},"end":{"line":64,"column":6}},"15":{"start":{"line":67,"column":23},"end":{"line":70,"column":3}},"16":{"start":{"line":68,"column":4},"end":{"line":68,"column":33}},"17":{"start":{"line":69,"column":4},"end":{"line":69,"column":25}},"18":{"start":{"line":72,"column":22},"end":{"line":81,"column":3}},"19":{"start":{"line":73,"column":4},"end":{"line":80,"column":5}},"20":{"start":{"line":74,"column":6},"end":{"line":77,"column":9}},"21":{"start":{"line":79,"column":6},"end":{"line":79,"column":51}},"22":{"start":{"line":83,"column":28},"end":{"line":83,"column":65}},"23":{"start":{"line":83,"column":34},"end":{"line":83,"column":65}},"24":{"start":{"line":83,"column":56},"end":{"line":83,"column":64}},"25":{"start":{"line":85,"column":28},"end":{"line":89,"column":3}},"26":{"start":{"line":86,"column":4},"end":{"line":88,"column":5}},"27":{"start":{"line":87,"column":6},"end":{"line":87,"column":38}},"28":{"start":{"line":87,"column":28},"end":{"line":87,"column":36}},"29":{"start":{"line":91,"column":22},"end":{"line":105,"column":3}},"30":{"start":{"line":92,"column":4},"end":{"line":104,"column":6}},"31":{"start":{"line":95,"column":10},"end":{"line":100,"column":12}},"32":{"start":{"line":107,"column":2},"end":{"line":254,"column":4}},"33":{"start":{"line":116,"column":12},"end":{"line":133,"column":19}},"34":{"start":{"line":125,"column":31},"end":{"line":125,"column":54}},"35":{"start":{"line":155,"column":12},"end":{"line":168,"column":31}},"36":{"start":{"line":157,"column":29},"end":{"line":157,"column":57}},"37":{"start":{"line":257,"column":15},"end":{"line":405,"column":2}}},"fnMap":{"0":{"name":"ProductDetailScreen","decl":{"start":{"line":19,"column":24},"end":{"line":19,"column":43}},"loc":{"start":{"line":19,"column":46},"end":{"line":255,"column":1}},"line":19},"1":{"name":"(anonymous_1)","decl":{"start":{"line":31,"column":32},"end":{"line":31,"column":33}},"loc":{"start":{"line":31,"column":39},"end":{"line":31,"column":57}},"line":31},"2":{"name":"(anonymous_2)","decl":{"start":{"line":45,"column":27},"end":{"line":45,"column":28}},"loc":{"start":{"line":45,"column":33},"end":{"line":45,"column":46}},"line":45},"3":{"name":"(anonymous_3)","decl":{"start":{"line":58,"column":26},"end":{"line":58,"column":27}},"loc":{"start":{"line":58,"column":32},"end":{"line":65,"column":3}},"line":58},"4":{"name":"(anonymous_4)","decl":{"start":{"line":67,"column":23},"end":{"line":67,"column":24}},"loc":{"start":{"line":67,"column":29},"end":{"line":70,"column":3}},"line":67},"5":{"name":"(anonymous_5)","decl":{"start":{"line":72,"column":22},"end":{"line":72,"column":23}},"loc":{"start":{"line":72,"column":34},"end":{"line":81,"column":3}},"line":72},"6":{"name":"(anonymous_6)","decl":{"start":{"line":83,"column":28},"end":{"line":83,"column":29}},"loc":{"start":{"line":83,"column":34},"end":{"line":83,"column":65}},"line":83},"7":{"name":"(anonymous_7)","decl":{"start":{"line":83,"column":46},"end":{"line":83,"column":47}},"loc":{"start":{"line":83,"column":56},"end":{"line":83,"column":64}},"line":83},"8":{"name":"(anonymous_8)","decl":{"start":{"line":85,"column":28},"end":{"line":85,"column":29}},"loc":{"start":{"line":85,"column":34},"end":{"line":89,"column":3}},"line":85},"9":{"name":"(anonymous_9)","decl":{"start":{"line":87,"column":18},"end":{"line":87,"column":19}},"loc":{"start":{"line":87,"column":28},"end":{"line":87,"column":36}},"line":87},"10":{"name":"(anonymous_10)","decl":{"start":{"line":91,"column":22},"end":{"line":91,"column":23}},"loc":{"start":{"line":91,"column":42},"end":{"line":105,"column":3}},"line":91},"11":{"name":"(anonymous_11)","decl":{"start":{"line":94,"column":27},"end":{"line":94,"column":28}},"loc":{"start":{"line":95,"column":10},"end":{"line":100,"column":12}},"line":95},"12":{"name":"(anonymous_12)","decl":{"start":{"line":115,"column":23},"end":{"line":115,"column":24}},"loc":{"start":{"line":116,"column":12},"end":{"line":133,"column":19}},"line":116},"13":{"name":"(anonymous_13)","decl":{"start":{"line":125,"column":25},"end":{"line":125,"column":26}},"loc":{"start":{"line":125,"column":31},"end":{"line":125,"column":54}},"line":125},"14":{"name":"(anonymous_14)","decl":{"start":{"line":154,"column":29},"end":{"line":154,"column":30}},"loc":{"start":{"line":155,"column":12},"end":{"line":168,"column":31}},"line":155},"15":{"name":"(anonymous_15)","decl":{"start":{"line":157,"column":23},"end":{"line":157,"column":24}},"loc":{"start":{"line":157,"column":29},"end":{"line":157,"column":57}},"line":157}},"branchMap":{"0":{"loc":{"start":{"line":21,"column":20},"end":{"line":21,"column":65}},"type":"cond-expr","locations":[{"start":{"line":21,"column":45},"end":{"line":21,"column":61}},{"start":{"line":21,"column":64},"end":{"line":21,"column":65}}],"line":21},"1":{"loc":{"start":{"line":33,"column":2},"end":{"line":49,"column":3}},"type":"if","locations":[{"start":{"line":33,"column":2},"end":{"line":49,"column":3}},{"start":{},"end":{}}],"line":33},"2":{"loc":{"start":{"line":86,"column":4},"end":{"line":88,"column":5}},"type":"if","locations":[{"start":{"line":86,"column":4},"end":{"line":88,"column":5}},{"start":{},"end":{}}],"line":86},"3":{"loc":{"start":{"line":97,"column":18},"end":{"line":97,"column":66}},"type":"cond-expr","locations":[{"start":{"line":97,"column":43},"end":{"line":97,"column":49}},{"start":{"line":97,"column":52},"end":{"line":97,"column":66}}],"line":97},"4":{"loc":{"start":{"line":99,"column":19},"end":{"line":99,"column":65}},"type":"cond-expr","locations":[{"start":{"line":99,"column":44},"end":{"line":99,"column":53}},{"start":{"line":99,"column":56},"end":{"line":99,"column":65}}],"line":99},"5":{"loc":{"start":{"line":128,"column":24},"end":{"line":128,"column":74}},"type":"cond-expr","locations":[{"start":{"line":128,"column":49},"end":{"line":128,"column":56}},{"start":{"line":128,"column":59},"end":{"line":128,"column":74}}],"line":128},"6":{"loc":{"start":{"line":130,"column":25},"end":{"line":130,"column":71}},"type":"cond-expr","locations":[{"start":{"line":130,"column":50},"end":{"line":130,"column":59}},{"start":{"line":130,"column":62},"end":{"line":130,"column":71}}],"line":130},"7":{"loc":{"start":{"line":160,"column":16},"end":{"line":160,"column":72}},"type":"binary-expr","locations":[{"start":{"line":160,"column":16},"end":{"line":160,"column":44}},{"start":{"line":160,"column":48},"end":{"line":160,"column":72}}],"line":160},"8":{"loc":{"start":{"line":183,"column":35},"end":{"line":183,"column":74}},"type":"cond-expr","locations":[{"start":{"line":183,"column":53},"end":{"line":183,"column":62}},{"start":{"line":183,"column":65},"end":{"line":183,"column":74}}],"line":183},"9":{"loc":{"start":{"line":189,"column":27},"end":{"line":189,"column":66}},"type":"cond-expr","locations":[{"start":{"line":189,"column":45},"end":{"line":189,"column":54}},{"start":{"line":189,"column":57},"end":{"line":189,"column":66}}],"line":189},"10":{"loc":{"start":{"line":192,"column":17},"end":{"line":192,"column":62}},"type":"cond-expr","locations":[{"start":{"line":192,"column":35},"end":{"line":192,"column":45}},{"start":{"line":192,"column":48},"end":{"line":192,"column":62}}],"line":192},"11":{"loc":{"start":{"line":218,"column":25},"end":{"line":218,"column":62}},"type":"cond-expr","locations":[{"start":{"line":218,"column":41},"end":{"line":218,"column":50}},{"start":{"line":218,"column":53},"end":{"line":218,"column":62}}],"line":218},"12":{"loc":{"start":{"line":238,"column":19},"end":{"line":238,"column":63}},"type":"cond-expr","locations":[{"start":{"line":238,"column":42},"end":{"line":238,"column":51}},{"start":{"line":238,"column":54},"end":{"line":238,"column":63}}],"line":238},"13":{"loc":{"start":{"line":242,"column":11},"end":{"line":242,"column":65}},"type":"cond-expr","locations":[{"start":{"line":242,"column":34},"end":{"line":242,"column":49}},{"start":{"line":242,"column":52},"end":{"line":242,"column":65}}],"line":242}},"s":{"0":0,"1":0,"2":0,"3":0,"4":0,"5":0,"6":0,"7":0,"8":0,"9":0,"10":0,"11":0,"12":0,"13":0,"14":0,"15":0,"16":0,"17":0,"18":0,"19":0,"20":0,"21":0,"22":0,"23":0,"24":0,"25":0,"26":0,"27":0,"28":0,"29":0,"30":0,"31":0,"32":0,"33":0,"34":0,"35":0,"36":0,"37":0},"f":{"0":0,"1":0,"2":0,"3":0,"4":0,"5":0,"6":0,"7":0,"8":0,"9":0,"10":0,"11":0,"12":0,"13":0,"14":0,"15":0},"b":{"0":[0,0],"1":[0,0],"2":[0,0],"3":[0,0],"4":[0,0],"5":[0,0],"6":[0,0],"7":[0,0],"8":[0,0],"9":[0,0],"10":[0,0],"11":[0,0],"12":[0,0],"13":[0,0]}}
,"/Users/owner/MyExpoApp/components/Collapsible.tsx": {"path":"/Users/owner/MyExpoApp/components/Collapsible.tsx","statementMap":{"0":{"start":{"line":11,"column":30},"end":{"line":11,"column":45}},"1":{"start":{"line":12,"column":16},"end":{"line":12,"column":43}},"2":{"start":{"line":14,"column":2},"end":{"line":32,"column":4}},"3":{"start":{"line":18,"column":23},"end":{"line":18,"column":51}},"4":{"start":{"line":18,"column":44},"end":{"line":18,"column":50}},"5":{"start":{"line":35,"column":15},"end":{"line":45,"column":2}}},"fnMap":{"0":{"name":"Collapsible","decl":{"start":{"line":10,"column":16},"end":{"line":10,"column":27}},"loc":{"start":{"line":10,"column":88},"end":{"line":33,"column":1}},"line":10},"1":{"name":"(anonymous_1)","decl":{"start":{"line":18,"column":17},"end":{"line":18,"column":18}},"loc":{"start":{"line":18,"column":23},"end":{"line":18,"column":51}},"line":18},"2":{"name":"(anonymous_2)","decl":{"start":{"line":18,"column":33},"end":{"line":18,"column":34}},"loc":{"start":{"line":18,"column":44},"end":{"line":18,"column":50}},"line":18}},"branchMap":{"0":{"loc":{"start":{"line":12,"column":16},"end":{"line":12,"column":43}},"type":"binary-expr","locations":[{"start":{"line":12,"column":16},"end":{"line":12,"column":32}},{"start":{"line":12,"column":36},"end":{"line":12,"column":43}}],"line":12},"1":{"loc":{"start":{"line":24,"column":17},"end":{"line":24,"column":73}},"type":"cond-expr","locations":[{"start":{"line":24,"column":37},"end":{"line":24,"column":54}},{"start":{"line":24,"column":57},"end":{"line":24,"column":73}}],"line":24},"2":{"loc":{"start":{"line":25,"column":41},"end":{"line":25,"column":66}},"type":"cond-expr","locations":[{"start":{"line":25,"column":50},"end":{"line":25,"column":57}},{"start":{"line":25,"column":60},"end":{"line":25,"column":66}}],"line":25},"3":{"loc":{"start":{"line":30,"column":7},"end":{"line":30,"column":75}},"type":"binary-expr","locations":[{"start":{"line":30,"column":7},"end":{"line":30,"column":13}},{"start":{"line":30,"column":17},"end":{"line":30,"column":75}}],"line":30}},"s":{"0":0,"1":0,"2":0,"3":0,"4":0,"5":0},"f":{"0":0,"1":0,"2":0},"b":{"0":[0,0],"1":[0,0],"2":[0,0],"3":[0,0]}}
,"/Users/owner/MyExpoApp/components/EcommerceLanding.tsx": {"path":"/Users/owner/MyExpoApp/components/EcommerceLanding.tsx","statementMap":{"0":{"start":{"line":36,"column":20},"end":{"line":36,"column":41}},"1":{"start":{"line":37,"column":32},"end":{"line":37,"column":42}},"2":{"start":{"line":38,"column":19},"end":{"line":38,"column":30}},"3":{"start":{"line":41,"column":19},"end":{"line":41,"column":56}},"4":{"start":{"line":42,"column":20},"end":{"line":42,"column":58}},"5":{"start":{"line":43,"column":20},"end":{"line":43,"column":59}},"6":{"start":{"line":45,"column":2},"end":{"line":65,"column":9}},"7":{"start":{"line":46,"column":4},"end":{"line":64,"column":15}},"8":{"start":{"line":67,"column":38},"end":{"line":92,"column":3}},"9":{"start":{"line":94,"column":22},"end":{"line":109,"column":3}},"10":{"start":{"line":95,"column":4},"end":{"line":108,"column":6}},"11":{"start":{"line":98,"column":10},"end":{"line":102,"column":12}},"12":{"start":{"line":111,"column":2},"end":{"line":324,"column":4}},"13":{"start":{"line":223,"column":38},"end":{"line":226,"column":15}},"14":{"start":{"line":237,"column":14},"end":{"line":271,"column":25}},"15":{"start":{"line":327,"column":15},"end":{"line":525,"column":2}}},"fnMap":{"0":{"name":"EcommerceLanding","decl":{"start":{"line":35,"column":16},"end":{"line":35,"column":32}},"loc":{"start":{"line":35,"column":35},"end":{"line":325,"column":1}},"line":35},"1":{"name":"(anonymous_1)","decl":{"start":{"line":45,"column":12},"end":{"line":45,"column":13}},"loc":{"start":{"line":45,"column":18},"end":{"line":65,"column":3}},"line":45},"2":{"name":"(anonymous_2)","decl":{"start":{"line":94,"column":22},"end":{"line":94,"column":23}},"loc":{"start":{"line":94,"column":42},"end":{"line":109,"column":3}},"line":94},"3":{"name":"(anonymous_3)","decl":{"start":{"line":97,"column":27},"end":{"line":97,"column":28}},"loc":{"start":{"line":98,"column":10},"end":{"line":102,"column":12}},"line":98},"4":{"name":"(anonymous_4)","decl":{"start":{"line":150,"column":29},"end":{"line":150,"column":30}},"loc":{"start":{"line":150,"column":35},"end":{"line":150,"column":37}},"line":150},"5":{"name":"(anonymous_5)","decl":{"start":{"line":161,"column":47},"end":{"line":161,"column":48}},"loc":{"start":{"line":161,"column":53},"end":{"line":161,"column":55}},"line":161},"6":{"name":"(anonymous_6)","decl":{"start":{"line":223,"column":21},"end":{"line":223,"column":22}},"loc":{"start":{"line":223,"column":38},"end":{"line":226,"column":15}},"line":223},"7":{"name":"(anonymous_7)","decl":{"start":{"line":236,"column":34},"end":{"line":236,"column":35}},"loc":{"start":{"line":237,"column":14},"end":{"line":271,"column":25}},"line":237},"8":{"name":"(anonymous_8)","decl":{"start":{"line":267,"column":35},"end":{"line":267,"column":36}},"loc":{"start":{"line":267,"column":41},"end":{"line":267,"column":43}},"line":267},"9":{"name":"(anonymous_9)","decl":{"start":{"line":317,"column":29},"end":{"line":317,"column":30}},"loc":{"start":{"line":317,"column":35},"end":{"line":317,"column":37}},"line":317}},"branchMap":{"0":{"loc":{"start":{"line":100,"column":19},"end":{"line":100,"column":75}},"type":"cond-expr","locations":[{"start":{"line":100,"column":44},"end":{"line":100,"column":53}},{"start":{"line":100,"column":56},"end":{"line":100,"column":75}}],"line":100},"1":{"loc":{"start":{"line":118,"column":10},"end":{"line":118,"column":78}},"type":"cond-expr","locations":[{"start":{"line":118,"column":23},"end":{"line":118,"column":53}},{"start":{"line":118,"column":56},"end":{"line":118,"column":78}}],"line":118},"2":{"loc":{"start":{"line":225,"column":16},"end":{"line":225,"column":43}},"type":"binary-expr","locations":[{"start":{"line":225,"column":16},"end":{"line":225,"column":23}},{"start":{"line":225,"column":27},"end":{"line":225,"column":43}}],"line":225},"3":{"loc":{"start":{"line":280,"column":10},"end":{"line":280,"column":78}},"type":"cond-expr","locations":[{"start":{"line":280,"column":23},"end":{"line":280,"column":53}},{"start":{"line":280,"column":56},"end":{"line":280,"column":78}}],"line":280}},"s":{"0":7,"1":7,"2":7,"3":7,"4":7,"5":7,"6":7,"7":7,"8":7,"9":7,"10":21,"11":105,"12":7,"13":7,"14":21,"15":1},"f":{"0":7,"1":7,"2":21,"3":105,"4":0,"5":0,"6":7,"7":21,"8":0,"9":1},"b":{"0":[84,21],"1":[0,7],"2":[7,0],"3":[0,7]},"_coverageSchema":"1a1c01bbd47fc00a2c39e90264f33305004495a9","hash":"9a34b554b60018484523e68bfc819bbe7a39c510"}
,"/Users/owner/MyExpoApp/components/ExternalLink.tsx": {"path":"/Users/owner/MyExpoApp/components/ExternalLink.tsx","statementMap":{"0":{"start":{"line":9,"column":2},"end":{"line":23,"column":4}},"1":{"start":{"line":15,"column":8},"end":{"line":20,"column":9}},"2":{"start":{"line":17,"column":10},"end":{"line":17,"column":33}},"3":{"start":{"line":19,"column":10},"end":{"line":19,"column":39}}},"fnMap":{"0":{"name":"ExternalLink","decl":{"start":{"line":8,"column":16},"end":{"line":8,"column":28}},"loc":{"start":{"line":8,"column":55},"end":{"line":24,"column":1}},"line":8},"1":{"name":"(anonymous_1)","decl":{"start":{"line":14,"column":15},"end":{"line":14,"column":16}},"loc":{"start":{"line":14,"column":32},"end":{"line":21,"column":7}},"line":14}},"branchMap":{"0":{"loc":{"start":{"line":15,"column":8},"end":{"line":20,"column":9}},"type":"if","locations":[{"start":{"line":15,"column":8},"end":{"line":20,"column":9}},{"start":{},"end":{}}],"line":15}},"s":{"0":0,"1":0,"2":0,"3":0},"f":{"0":0,"1":0},"b":{"0":[0,0]}}
,"/Users/owner/MyExpoApp/components/HapticTab.tsx": {"path":"/Users/owner/MyExpoApp/components/HapticTab.tsx","statementMap":{"0":{"start":{"line":6,"column":2},"end":{"line":17,"column":4}},"1":{"start":{"line":10,"column":8},"end":{"line":13,"column":9}},"2":{"start":{"line":12,"column":10},"end":{"line":12,"column":65}},"3":{"start":{"line":14,"column":8},"end":{"line":14,"column":30}}},"fnMap":{"0":{"name":"HapticTab","decl":{"start":{"line":5,"column":16},"end":{"line":5,"column":25}},"loc":{"start":{"line":5,"column":58},"end":{"line":18,"column":1}},"line":5},"1":{"name":"(anonymous_1)","decl":{"start":{"line":9,"column":17},"end":{"line":9,"column":18}},"loc":{"start":{"line":9,"column":25},"end":{"line":15,"column":7}},"line":9}},"branchMap":{"0":{"loc":{"start":{"line":10,"column":8},"end":{"line":13,"column":9}},"type":"if","locations":[{"start":{"line":10,"column":8},"end":{"line":13,"column":9}},{"start":{},"end":{}}],"line":10}},"s":{"0":0,"1":0,"2":0,"3":0},"f":{"0":0,"1":0},"b":{"0":[0,0]}}
,"/Users/owner/MyExpoApp/components/HelloWave.tsx": {"path":"/Users/owner/MyExpoApp/components/HelloWave.tsx","statementMap":{"0":{"start":{"line":14,"column":28},"end":{"line":14,"column":45}},"1":{"start":{"line":16,"column":2},"end":{"line":21,"column":9}},"2":{"start":{"line":17,"column":4},"end":{"line":20,"column":6}},"3":{"start":{"line":23,"column":24},"end":{"line":25,"column":5}},"4":{"start":{"line":23,"column":48},"end":{"line":25,"column":3}},"5":{"start":{"line":27,"column":2},"end":{"line":31,"column":4}},"6":{"start":{"line":34,"column":15},"end":{"line":40,"column":2}}},"fnMap":{"0":{"name":"HelloWave","decl":{"start":{"line":13,"column":16},"end":{"line":13,"column":25}},"loc":{"start":{"line":13,"column":28},"end":{"line":32,"column":1}},"line":13},"1":{"name":"(anonymous_1)","decl":{"start":{"line":16,"column":12},"end":{"line":16,"column":13}},"loc":{"start":{"line":16,"column":18},"end":{"line":21,"column":3}},"line":16},"2":{"name":"(anonymous_2)","decl":{"start":{"line":23,"column":41},"end":{"line":23,"column":42}},"loc":{"start":{"line":23,"column":48},"end":{"line":25,"column":3}},"line":23}},"branchMap":{},"s":{"0":0,"1":0,"2":0,"3":0,"4":0,"5":0,"6":0},"f":{"0":0,"1":0,"2":0},"b":{}}
,"/Users/owner/MyExpoApp/components/ParallaxScrollView.tsx": {"path":"/Users/owner/MyExpoApp/components/ParallaxScrollView.tsx","statementMap":{"0":{"start":{"line":14,"column":22},"end":{"line":14,"column":25}},"1":{"start":{"line":26,"column":22},"end":{"line":26,"column":49}},"2":{"start":{"line":27,"column":20},"end":{"line":27,"column":57}},"3":{"start":{"line":28,"column":23},"end":{"line":28,"column":53}},"4":{"start":{"line":29,"column":17},"end":{"line":29,"column":39}},"5":{"start":{"line":30,"column":30},"end":{"line":45,"column":4}},"6":{"start":{"line":31,"column":4},"end":{"line":44,"column":6}},"7":{"start":{"line":47,"column":2},"end":{"line":65,"column":4}},"8":{"start":{"line":68,"column":15},"end":{"line":82,"column":2}}},"fnMap":{"0":{"name":"ParallaxScrollView","decl":{"start":{"line":21,"column":24},"end":{"line":21,"column":42}},"loc":{"start":{"line":25,"column":10},"end":{"line":66,"column":1}},"line":25},"1":{"name":"(anonymous_1)","decl":{"start":{"line":30,"column":47},"end":{"line":30,"column":48}},"loc":{"start":{"line":30,"column":53},"end":{"line":45,"column":3}},"line":30}},"branchMap":{"0":{"loc":{"start":{"line":26,"column":22},"end":{"line":26,"column":49}},"type":"binary-expr","locations":[{"start":{"line":26,"column":22},"end":{"line":26,"column":38}},{"start":{"line":26,"column":42},"end":{"line":26,"column":49}}],"line":26}},"s":{"0":0,"1":0,"2":0,"3":0,"4":0,"5":0,"6":0,"7":0,"8":0},"f":{"0":0,"1":0},"b":{"0":[0,0]}}
,"/Users/owner/MyExpoApp/components/ThemedText.tsx": {"path":"/Users/owner/MyExpoApp/components/ThemedText.tsx","statementMap":{"0":{"start":{"line":18,"column":16},"end":{"line":18,"column":77}},"1":{"start":{"line":20,"column":2},"end":{"line":33,"column":4}},"2":{"start":{"line":36,"column":15},"end":{"line":60,"column":2}}},"fnMap":{"0":{"name":"ThemedText","decl":{"start":{"line":11,"column":16},"end":{"line":11,"column":26}},"loc":{"start":{"line":17,"column":20},"end":{"line":34,"column":1}},"line":17}},"branchMap":{"0":{"loc":{"start":{"line":15,"column":2},"end":{"line":15,"column":18}},"type":"default-arg","locations":[{"start":{"line":15,"column":9},"end":{"line":15,"column":18}}],"line":15},"1":{"loc":{"start":{"line":24,"column":8},"end":{"line":24,"column":55}},"type":"cond-expr","locations":[{"start":{"line":24,"column":29},"end":{"line":24,"column":43}},{"start":{"line":24,"column":46},"end":{"line":24,"column":55}}],"line":24},"2":{"loc":{"start":{"line":25,"column":8},"end":{"line":25,"column":51}},"type":"cond-expr","locations":[{"start":{"line":25,"column":27},"end":{"line":25,"column":39}},{"start":{"line":25,"column":42},"end":{"line":25,"column":51}}],"line":25},"3":{"loc":{"start":{"line":26,"column":8},"end":{"line":26,"column":71}},"type":"cond-expr","locations":[{"start":{"line":26,"column":37},"end":{"line":26,"column":59}},{"start":{"line":26,"column":62},"end":{"line":26,"column":71}}],"line":26},"4":{"loc":{"start":{"line":27,"column":8},"end":{"line":27,"column":57}},"type":"cond-expr","locations":[{"start":{"line":27,"column":30},"end":{"line":27,"column":45}},{"start":{"line":27,"column":48},"end":{"line":27,"column":57}}],"line":27},"5":{"loc":{"start":{"line":28,"column":8},"end":{"line":28,"column":49}},"type":"cond-expr","locations":[{"start":{"line":28,"column":26},"end":{"line":28,"column":37}},{"start":{"line":28,"column":40},"end":{"line":28,"column":49}}],"line":28}},"s":{"0":1,"1":1,"2":1},"f":{"0":1},"b":{"0":[1],"1":[1,0],"2":[0,1],"3":[0,1],"4":[0,1],"5":[0,1]},"_coverageSchema":"1a1c01bbd47fc00a2c39e90264f33305004495a9","hash":"5386468415f9256bd250dc1562255794177e14fa"}
,"/Users/owner/MyExpoApp/components/ThemedView.tsx": {"path":"/Users/owner/MyExpoApp/components/ThemedView.tsx","statementMap":{"0":{"start":{"line":11,"column":26},"end":{"line":11,"column":93}},"1":{"start":{"line":13,"column":2},"end":{"line":13,"column":71}}},"fnMap":{"0":{"name":"ThemedView","decl":{"start":{"line":10,"column":16},"end":{"line":10,"column":26}},"loc":{"start":{"line":10,"column":93},"end":{"line":14,"column":1}},"line":10}},"branchMap":{},"s":{"0":0,"1":0},"f":{"0":0},"b":{}}
,"/Users/owner/MyExpoApp/components/ui/IconComponents.tsx": {"path":"/Users/owner/MyExpoApp/components/ui/IconComponents.tsx","statementMap":{"0":{"start":{"line":15,"column":31},"end":{"line":20,"column":1}},"1":{"start":{"line":19,"column":2},"end":{"line":19,"column":51}},"2":{"start":{"line":22,"column":30},"end":{"line":24,"column":1}},"3":{"start":{"line":23,"column":2},"end":{"line":23,"column":50}},"4":{"start":{"line":26,"column":24},"end":{"line":28,"column":1}},"5":{"start":{"line":27,"column":2},"end":{"line":27,"column":44}},"6":{"start":{"line":30,"column":32},"end":{"line":35,"column":1}},"7":{"start":{"line":34,"column":2},"end":{"line":34,"column":52}}},"fnMap":{"0":{"name":"(anonymous_0)","decl":{"start":{"line":15,"column":31},"end":{"line":15,"column":32}},"loc":{"start":{"line":18,"column":17},"end":{"line":20,"column":1}},"line":18},"1":{"name":"(anonymous_1)","decl":{"start":{"line":22,"column":30},"end":{"line":22,"column":31}},"loc":{"start":{"line":22,"column":79},"end":{"line":24,"column":1}},"line":22},"2":{"name":"(anonymous_2)","decl":{"start":{"line":26,"column":24},"end":{"line":26,"column":25}},"loc":{"start":{"line":26,"column":73},"end":{"line":28,"column":1}},"line":26},"3":{"name":"(anonymous_3)","decl":{"start":{"line":30,"column":32},"end":{"line":30,"column":33}},"loc":{"start":{"line":33,"column":17},"end":{"line":35,"column":1}},"line":33}},"branchMap":{"0":{"loc":{"start":{"line":16,"column":2},"end":{"line":16,"column":11}},"type":"default-arg","locations":[{"start":{"line":16,"column":9},"end":{"line":16,"column":11}}],"line":16},"1":{"loc":{"start":{"line":17,"column":2},"end":{"line":17,"column":19}},"type":"default-arg","locations":[{"start":{"line":17,"column":10},"end":{"line":17,"column":19}}],"line":17},"2":{"loc":{"start":{"line":22,"column":33},"end":{"line":22,"column":42}},"type":"default-arg","locations":[{"start":{"line":22,"column":40},"end":{"line":22,"column":42}}],"line":22},"3":{"loc":{"start":{"line":22,"column":44},"end":{"line":22,"column":61}},"type":"default-arg","locations":[{"start":{"line":22,"column":52},"end":{"line":22,"column":61}}],"line":22},"4":{"loc":{"start":{"line":26,"column":27},"end":{"line":26,"column":36}},"type":"default-arg","locations":[{"start":{"line":26,"column":34},"end":{"line":26,"column":36}}],"line":26},"5":{"loc":{"start":{"line":26,"column":38},"end":{"line":26,"column":55}},"type":"default-arg","locations":[{"start":{"line":26,"column":46},"end":{"line":26,"column":55}}],"line":26},"6":{"loc":{"start":{"line":31,"column":2},"end":{"line":31,"column":11}},"type":"default-arg","locations":[{"start":{"line":31,"column":9},"end":{"line":31,"column":11}}],"line":31},"7":{"loc":{"start":{"line":32,"column":2},"end":{"line":32,"column":19}},"type":"default-arg","locations":[{"start":{"line":32,"column":10},"end":{"line":32,"column":19}}],"line":32}},"s":{"0":1,"1":7,"2":1,"3":7,"4":1,"5":105,"6":1,"7":7},"f":{"0":7,"1":7,"2":105,"3":7},"b":{"0":[0],"1":[0],"2":[0],"3":[0],"4":[0],"5":[0],"6":[0],"7":[0]},"_coverageSchema":"1a1c01bbd47fc00a2c39e90264f33305004495a9","hash":"7a6ea4248826d1ec0c4d440cdcdfc69347ba3a71"}
,"/Users/owner/MyExpoApp/components/ui/IconSymbol.ios.tsx": {"path":"/Users/owner/MyExpoApp/components/ui/IconSymbol.ios.tsx","statementMap":{"0":{"start":{"line":17,"column":2},"end":{"line":31,"column":4}}},"fnMap":{"0":{"name":"IconSymbol","decl":{"start":{"line":4,"column":16},"end":{"line":4,"column":26}},"loc":{"start":{"line":16,"column":3},"end":{"line":32,"column":1}},"line":16}},"branchMap":{"0":{"loc":{"start":{"line":6,"column":2},"end":{"line":6,"column":11}},"type":"default-arg","locations":[{"start":{"line":6,"column":9},"end":{"line":6,"column":11}}],"line":6},"1":{"loc":{"start":{"line":9,"column":2},"end":{"line":9,"column":20}},"type":"default-arg","locations":[{"start":{"line":9,"column":11},"end":{"line":9,"column":20}}],"line":9}},"s":{"0":0},"f":{"0":0},"b":{"0":[0],"1":[0]}}
,"/Users/owner/MyExpoApp/components/ui/IconSymbol.tsx": {"path":"/Users/owner/MyExpoApp/components/ui/IconSymbol.tsx","statementMap":{"0":{"start":{"line":9,"column":16},"end":{"line":21,"column":1}},"1":{"start":{"line":42,"column":2},"end":{"line":42,"column":88}}},"fnMap":{"0":{"name":"IconSymbol","decl":{"start":{"line":30,"column":16},"end":{"line":30,"column":26}},"loc":{"start":{"line":41,"column":3},"end":{"line":43,"column":1}},"line":41}},"branchMap":{"0":{"loc":{"start":{"line":32,"column":2},"end":{"line":32,"column":11}},"type":"default-arg","locations":[{"start":{"line":32,"column":9},"end":{"line":32,"column":11}}],"line":32}},"s":{"0":0,"1":0},"f":{"0":0},"b":{"0":[0]}}
,"/Users/owner/MyExpoApp/components/ui/TabBarBackground.ios.tsx": {"path":"/Users/owner/MyExpoApp/components/ui/TabBarBackground.ios.tsx","statementMap":{"0":{"start":{"line":7,"column":2},"end":{"line":15,"column":4}},"1":{"start":{"line":19,"column":20},"end":{"line":19,"column":43}},"2":{"start":{"line":20,"column":21},"end":{"line":20,"column":40}},"3":{"start":{"line":21,"column":2},"end":{"line":21,"column":28}}},"fnMap":{"0":{"name":"BlurTabBarBackground","decl":{"start":{"line":6,"column":24},"end":{"line":6,"column":44}},"loc":{"start":{"line":6,"column":47},"end":{"line":16,"column":1}},"line":6},"1":{"name":"useBottomTabOverflow","decl":{"start":{"line":18,"column":16},"end":{"line":18,"column":36}},"loc":{"start":{"line":18,"column":39},"end":{"line":22,"column":1}},"line":18}},"branchMap":{},"s":{"0":0,"1":0,"2":0,"3":0},"f":{"0":0,"1":0},"b":{}}
,"/Users/owner/MyExpoApp/components/ui/TabBarBackground.tsx": {"path":"/Users/owner/MyExpoApp/components/ui/TabBarBackground.tsx","statementMap":{"0":{"start":{"line":5,"column":2},"end":{"line":5,"column":11}}},"fnMap":{"0":{"name":"useBottomTabOverflow","decl":{"start":{"line":4,"column":16},"end":{"line":4,"column":36}},"loc":{"start":{"line":4,"column":39},"end":{"line":6,"column":1}},"line":4}},"branchMap":{},"s":{"0":0},"f":{"0":0},"b":{}}
,"/Users/owner/MyExpoApp/components/ui/badge.tsx": {"path":"/Users/owner/MyExpoApp/components/ui/badge.tsx","statementMap":{"0":{"start":{"line":18,"column":29},"end":{"line":29,"column":3}},"1":{"start":{"line":19,"column":4},"end":{"line":28,"column":5}},"2":{"start":{"line":21,"column":8},"end":{"line":21,"column":25}},"3":{"start":{"line":23,"column":8},"end":{"line":23,"column":25}},"4":{"start":{"line":25,"column":8},"end":{"line":25,"column":29}},"5":{"start":{"line":27,"column":8},"end":{"line":27,"column":25}},"6":{"start":{"line":31,"column":25},"end":{"line":38,"column":3}},"7":{"start":{"line":32,"column":4},"end":{"line":37,"column":5}},"8":{"start":{"line":34,"column":8},"end":{"line":34,"column":25}},"9":{"start":{"line":36,"column":8},"end":{"line":36,"column":29}},"10":{"start":{"line":40,"column":23},"end":{"line":50,"column":3}},"11":{"start":{"line":41,"column":4},"end":{"line":49,"column":5}},"12":{"start":{"line":44,"column":8},"end":{"line":44,"column":25}},"13":{"start":{"line":46,"column":8},"end":{"line":46,"column":25}},"14":{"start":{"line":48,"column":8},"end":{"line":48,"column":25}},"15":{"start":{"line":52,"column":2},"end":{"line":75,"column":4}},"16":{"start":{"line":78,"column":15},"end":{"line":89,"column":2}}},"fnMap":{"0":{"name":"Badge","decl":{"start":{"line":12,"column":16},"end":{"line":12,"column":21}},"loc":{"start":{"line":17,"column":15},"end":{"line":76,"column":1}},"line":17},"1":{"name":"(anonymous_1)","decl":{"start":{"line":18,"column":29},"end":{"line":18,"column":30}},"loc":{"start":{"line":18,"column":35},"end":{"line":29,"column":3}},"line":18},"2":{"name":"(anonymous_2)","decl":{"start":{"line":31,"column":25},"end":{"line":31,"column":26}},"loc":{"start":{"line":31,"column":31},"end":{"line":38,"column":3}},"line":31},"3":{"name":"(anonymous_3)","decl":{"start":{"line":40,"column":23},"end":{"line":40,"column":24}},"loc":{"start":{"line":40,"column":29},"end":{"line":50,"column":3}},"line":40}},"branchMap":{"0":{"loc":{"start":{"line":14,"column":2},"end":{"line":14,"column":21}},"type":"default-arg","locations":[{"start":{"line":14,"column":12},"end":{"line":14,"column":21}}],"line":14},"1":{"loc":{"start":{"line":19,"column":4},"end":{"line":28,"column":5}},"type":"switch","locations":[{"start":{"line":20,"column":6},"end":{"line":21,"column":25}},{"start":{"line":22,"column":6},"end":{"line":23,"column":25}},{"start":{"line":24,"column":6},"end":{"line":25,"column":29}},{"start":{"line":26,"column":6},"end":{"line":27,"column":25}}],"line":19},"2":{"loc":{"start":{"line":32,"column":4},"end":{"line":37,"column":5}},"type":"switch","locations":[{"start":{"line":33,"column":6},"end":{"line":34,"column":25}},{"start":{"line":35,"column":6},"end":{"line":36,"column":29}}],"line":32},"3":{"loc":{"start":{"line":41,"column":4},"end":{"line":49,"column":5}},"type":"switch","locations":[{"start":{"line":42,"column":6},"end":{"line":42,"column":21}},{"start":{"line":43,"column":6},"end":{"line":44,"column":25}},{"start":{"line":45,"column":6},"end":{"line":46,"column":25}},{"start":{"line":47,"column":6},"end":{"line":48,"column":25}}],"line":41}},"s":{"0":14,"1":14,"2":0,"3":0,"4":14,"5":0,"6":14,"7":14,"8":14,"9":0,"10":14,"11":14,"12":0,"13":14,"14":0,"15":14,"16":1},"f":{"0":14,"1":14,"2":14,"3":14},"b":{"0":[0],"1":[0,0,14,0],"2":[14,0],"3":[0,0,14,0]},"_coverageSchema":"1a1c01bbd47fc00a2c39e90264f33305004495a9","hash":"b1c6df9e13c379ac45e26c59c5b4e21201f24e4b"}
,"/Users/owner/MyExpoApp/components/ui/button.tsx": {"path":"/Users/owner/MyExpoApp/components/ui/button.tsx","statementMap":{"0":{"start":{"line":26,"column":20},"end":{"line":26,"column":30}},"1":{"start":{"line":28,"column":23},"end":{"line":39,"column":3}},"2":{"start":{"line":41,"column":21},"end":{"line":50,"column":3}},"3":{"start":{"line":52,"column":2},"end":{"line":56,"column":4}},"4":{"start":{"line":59,"column":15},"end":{"line":71,"column":2}}},"fnMap":{"0":{"name":"Button","decl":{"start":{"line":19,"column":16},"end":{"line":19,"column":22}},"loc":{"start":{"line":25,"column":16},"end":{"line":57,"column":1}},"line":25}},"branchMap":{"0":{"loc":{"start":{"line":21,"column":2},"end":{"line":21,"column":21}},"type":"default-arg","locations":[{"start":{"line":21,"column":12},"end":{"line":21,"column":21}}],"line":21},"1":{"loc":{"start":{"line":30,"column":4},"end":{"line":32,"column":5}},"type":"binary-expr","locations":[{"start":{"line":30,"column":4},"end":{"line":30,"column":25}},{"start":{"line":30,"column":29},"end":{"line":32,"column":5}}],"line":30},"2":{"loc":{"start":{"line":33,"column":4},"end":{"line":37,"column":5}},"type":"binary-expr","locations":[{"start":{"line":33,"column":4},"end":{"line":33,"column":25}},{"start":{"line":33,"column":29},"end":{"line":37,"column":5}}],"line":33},"3":{"loc":{"start":{"line":43,"column":4},"end":{"line":45,"column":5}},"type":"binary-expr","locations":[{"start":{"line":43,"column":4},"end":{"line":43,"column":25}},{"start":{"line":43,"column":29},"end":{"line":45,"column":5}}],"line":43},"4":{"loc":{"start":{"line":46,"column":4},"end":{"line":48,"column":5}},"type":"binary-expr","locations":[{"start":{"line":46,"column":4},"end":{"line":46,"column":25}},{"start":{"line":46,"column":29},"end":{"line":48,"column":5}}],"line":46}},"s":{"0":42,"1":42,"2":42,"3":42,"4":1},"f":{"0":42},"b":{"0":[35],"1":[42,35],"2":[42,7],"3":[42,35],"4":[42,7]},"_coverageSchema":"1a1c01bbd47fc00a2c39e90264f33305004495a9","hash":"a61d7f4b15eb61d46439927b4d89e19b08758c89"}
,"/Users/owner/MyExpoApp/constants/Colors.ts": {"path":"/Users/owner/MyExpoApp/constants/Colors.ts","statementMap":{"0":{"start":{"line":6,"column":23},"end":{"line":6,"column":32}},"1":{"start":{"line":7,"column":22},"end":{"line":7,"column":28}},"2":{"start":{"line":9,"column":22},"end":{"line":26,"column":1}}},"fnMap":{},"branchMap":{},"s":{"0":1,"1":1,"2":1},"f":{},"b":{},"_coverageSchema":"1a1c01bbd47fc00a2c39e90264f33305004495a9","hash":"db07698a423a0e44b10cb0ea82dbf5c522b7c739"}
,"/Users/owner/MyExpoApp/contexts/ShopContext.tsx": {"path":"/Users/owner/MyExpoApp/contexts/ShopContext.tsx","statementMap":{"0":{"start":{"line":43,"column":20},"end":{"line":43,"column":74}},"1":{"start":{"line":46,"column":34},"end":{"line":143,"column":1}},"2":{"start":{"line":145,"column":37},"end":{"line":188,"column":1}},"3":{"start":{"line":195,"column":21},"end":{"line":195,"column":56}},"4":{"start":{"line":196,"column":23},"end":{"line":196,"column":61}},"5":{"start":{"line":197,"column":26},"end":{"line":197,"column":50}},"6":{"start":{"line":198,"column":36},"end":{"line":198,"column":59}},"7":{"start":{"line":201,"column":20},"end":{"line":219,"column":3}},"8":{"start":{"line":202,"column":4},"end":{"line":218,"column":7}},"9":{"start":{"line":203,"column":27},"end":{"line":205,"column":7}},"10":{"start":{"line":204,"column":18},"end":{"line":204,"column":48}},"11":{"start":{"line":207,"column":6},"end":{"line":217,"column":7}},"12":{"start":{"line":209,"column":8},"end":{"line":213,"column":10}},"13":{"start":{"line":210,"column":10},"end":{"line":212,"column":18}},"14":{"start":{"line":216,"column":8},"end":{"line":216,"column":52}},"15":{"start":{"line":222,"column":25},"end":{"line":226,"column":3}},"16":{"start":{"line":223,"column":4},"end":{"line":225,"column":6}},"17":{"start":{"line":224,"column":6},"end":{"line":224,"column":62}},"18":{"start":{"line":224,"column":32},"end":{"line":224,"column":61}},"19":{"start":{"line":229,"column":33},"end":{"line":240,"column":3}},"20":{"start":{"line":230,"column":4},"end":{"line":233,"column":5}},"21":{"start":{"line":231,"column":6},"end":{"line":231,"column":32}},"22":{"start":{"line":232,"column":6},"end":{"line":232,"column":13}},"23":{"start":{"line":235,"column":4},"end":{"line":239,"column":6}},"24":{"start":{"line":236,"column":6},"end":{"line":238,"column":7}},"25":{"start":{"line":237,"column":8},"end":{"line":237,"column":68}},"26":{"start":{"line":243,"column":20},"end":{"line":245,"column":3}},"27":{"start":{"line":244,"column":4},"end":{"line":244,"column":16}},"28":{"start":{"line":248,"column":25},"end":{"line":260,"column":3}},"29":{"start":{"line":249,"column":4},"end":{"line":259,"column":7}},"30":{"start":{"line":250,"column":25},"end":{"line":250,"column":77}},"31":{"start":{"line":250,"column":54},"end":{"line":250,"column":76}},"32":{"start":{"line":252,"column":6},"end":{"line":258,"column":7}},"33":{"start":{"line":254,"column":8},"end":{"line":254,"column":70}},"34":{"start":{"line":254,"column":46},"end":{"line":254,"column":68}},"35":{"start":{"line":257,"column":8},"end":{"line":257,"column":43}},"36":{"start":{"line":263,"column":19},"end":{"line":265,"column":3}},"37":{"start":{"line":264,"column":4},"end":{"line":264,"column":62}},"38":{"start":{"line":264,"column":31},"end":{"line":264,"column":60}},"39":{"start":{"line":268,"column":21},"end":{"line":270,"column":3}},"40":{"start":{"line":269,"column":4},"end":{"line":269,"column":59}},"41":{"start":{"line":269,"column":36},"end":{"line":269,"column":57}},"42":{"start":{"line":273,"column":20},"end":{"line":276,"column":3}},"43":{"start":{"line":274,"column":21},"end":{"line":274,"column":63}},"44":{"start":{"line":279,"column":25},"end":{"line":279,"column":79}},"45":{"start":{"line":279,"column":54},"end":{"line":279,"column":75}},"46":{"start":{"line":281,"column":16},"end":{"line":295,"column":3}},"47":{"start":{"line":297,"column":2},"end":{"line":297,"column":79}},"48":{"start":{"line":302,"column":18},"end":{"line":302,"column":41}},"49":{"start":{"line":303,"column":2},"end":{"line":305,"column":3}},"50":{"start":{"line":304,"column":4},"end":{"line":304,"column":66}},"51":{"start":{"line":306,"column":2},"end":{"line":306,"column":17}}},"fnMap":{"0":{"name":"ShopProvider","decl":{"start":{"line":194,"column":16},"end":{"line":194,"column":28}},"loc":{"start":{"line":194,"column":62},"end":{"line":298,"column":1}},"line":194},"1":{"name":"(anonymous_1)","decl":{"start":{"line":201,"column":20},"end":{"line":201,"column":21}},"loc":{"start":{"line":201,"column":64},"end":{"line":219,"column":3}},"line":201},"2":{"name":"(anonymous_2)","decl":{"start":{"line":202,"column":12},"end":{"line":202,"column":13}},"loc":{"start":{"line":202,"column":26},"end":{"line":218,"column":5}},"line":202},"3":{"name":"(anonymous_3)","decl":{"start":{"line":204,"column":8},"end":{"line":204,"column":9}},"loc":{"start":{"line":204,"column":18},"end":{"line":204,"column":48}},"line":204},"4":{"name":"(anonymous_4)","decl":{"start":{"line":209,"column":28},"end":{"line":209,"column":29}},"loc":{"start":{"line":210,"column":10},"end":{"line":212,"column":18}},"line":210},"5":{"name":"(anonymous_5)","decl":{"start":{"line":222,"column":25},"end":{"line":222,"column":26}},"loc":{"start":{"line":222,"column":48},"end":{"line":226,"column":3}},"line":222},"6":{"name":"(anonymous_6)","decl":{"start":{"line":223,"column":12},"end":{"line":223,"column":13}},"loc":{"start":{"line":224,"column":6},"end":{"line":224,"column":62}},"line":224},"7":{"name":"(anonymous_7)","decl":{"start":{"line":224,"column":22},"end":{"line":224,"column":23}},"loc":{"start":{"line":224,"column":32},"end":{"line":224,"column":61}},"line":224},"8":{"name":"(anonymous_8)","decl":{"start":{"line":229,"column":33},"end":{"line":229,"column":34}},"loc":{"start":{"line":229,"column":74},"end":{"line":240,"column":3}},"line":229},"9":{"name":"(anonymous_9)","decl":{"start":{"line":235,"column":12},"end":{"line":235,"column":13}},"loc":{"start":{"line":236,"column":6},"end":{"line":238,"column":7}},"line":236},"10":{"name":"(anonymous_10)","decl":{"start":{"line":236,"column":19},"end":{"line":236,"column":20}},"loc":{"start":{"line":237,"column":8},"end":{"line":237,"column":68}},"line":237},"11":{"name":"(anonymous_11)","decl":{"start":{"line":243,"column":20},"end":{"line":243,"column":21}},"loc":{"start":{"line":243,"column":26},"end":{"line":245,"column":3}},"line":243},"12":{"name":"(anonymous_12)","decl":{"start":{"line":248,"column":25},"end":{"line":248,"column":26}},"loc":{"start":{"line":248,"column":47},"end":{"line":260,"column":3}},"line":248},"13":{"name":"(anonymous_13)","decl":{"start":{"line":249,"column":17},"end":{"line":249,"column":18}},"loc":{"start":{"line":249,"column":36},"end":{"line":259,"column":5}},"line":249},"14":{"name":"(anonymous_14)","decl":{"start":{"line":250,"column":44},"end":{"line":250,"column":45}},"loc":{"start":{"line":250,"column":54},"end":{"line":250,"column":76}},"line":250},"15":{"name":"(anonymous_15)","decl":{"start":{"line":254,"column":36},"end":{"line":254,"column":37}},"loc":{"start":{"line":254,"column":46},"end":{"line":254,"column":68}},"line":254},"16":{"name":"(anonymous_16)","decl":{"start":{"line":263,"column":19},"end":{"line":263,"column":20}},"loc":{"start":{"line":263,"column":42},"end":{"line":265,"column":3}},"line":263},"17":{"name":"(anonymous_17)","decl":{"start":{"line":264,"column":21},"end":{"line":264,"column":22}},"loc":{"start":{"line":264,"column":31},"end":{"line":264,"column":60}},"line":264},"18":{"name":"(anonymous_18)","decl":{"start":{"line":268,"column":21},"end":{"line":268,"column":22}},"loc":{"start":{"line":268,"column":44},"end":{"line":270,"column":3}},"line":268},"19":{"name":"(anonymous_19)","decl":{"start":{"line":269,"column":26},"end":{"line":269,"column":27}},"loc":{"start":{"line":269,"column":36},"end":{"line":269,"column":57}},"line":269},"20":{"name":"(anonymous_20)","decl":{"start":{"line":274,"column":4},"end":{"line":274,"column":5}},"loc":{"start":{"line":274,"column":21},"end":{"line":274,"column":63}},"line":274},"21":{"name":"(anonymous_21)","decl":{"start":{"line":279,"column":37},"end":{"line":279,"column":38}},"loc":{"start":{"line":279,"column":54},"end":{"line":279,"column":75}},"line":279},"22":{"name":"useShop","decl":{"start":{"line":301,"column":16},"end":{"line":301,"column":23}},"loc":{"start":{"line":301,"column":26},"end":{"line":307,"column":1}},"line":301}},"branchMap":{"0":{"loc":{"start":{"line":201,"column":39},"end":{"line":201,"column":59}},"type":"default-arg","locations":[{"start":{"line":201,"column":58},"end":{"line":201,"column":59}}],"line":201},"1":{"loc":{"start":{"line":207,"column":6},"end":{"line":217,"column":7}},"type":"if","locations":[{"start":{"line":207,"column":6},"end":{"line":217,"column":7}},{"start":{"line":214,"column":13},"end":{"line":217,"column":7}}],"line":207},"2":{"loc":{"start":{"line":210,"column":10},"end":{"line":212,"column":18}},"type":"cond-expr","locations":[{"start":{"line":211,"column":14},"end":{"line":211,"column":61}},{"start":{"line":212,"column":14},"end":{"line":212,"column":18}}],"line":210},"3":{"loc":{"start":{"line":230,"column":4},"end":{"line":233,"column":5}},"type":"if","locations":[{"start":{"line":230,"column":4},"end":{"line":233,"column":5}},{"start":{},"end":{}}],"line":230},"4":{"loc":{"start":{"line":237,"column":8},"end":{"line":237,"column":68}},"type":"cond-expr","locations":[{"start":{"line":237,"column":40},"end":{"line":237,"column":61}},{"start":{"line":237,"column":64},"end":{"line":237,"column":68}}],"line":237},"5":{"loc":{"start":{"line":252,"column":6},"end":{"line":258,"column":7}},"type":"if","locations":[{"start":{"line":252,"column":6},"end":{"line":258,"column":7}},{"start":{"line":255,"column":13},"end":{"line":258,"column":7}}],"line":252},"6":{"loc":{"start":{"line":303,"column":2},"end":{"line":305,"column":3}},"type":"if","locations":[{"start":{"line":303,"column":2},"end":{"line":305,"column":3}},{"start":{},"end":{}}],"line":303}},"s":{"0":0,"1":0,"2":0,"3":0,"4":0,"5":0,"6":0,"7":0,"8":0,"9":0,"10":0,"11":0,"12":0,"13":0,"14":0,"15":0,"16":0,"17":0,"18":0,"19":0,"20":0,"21":0,"22":0,"23":0,"24":0,"25":0,"26":0,"27":0,"28":0,"29":0,"30":0,"31":0,"32":0,"33":0,"34":0,"35":0,"36":0,"37":0,"38":0,"39":0,"40":0,"41":0,"42":0,"43":0,"44":0,"45":0,"46":0,"47":0,"48":0,"49":0,"50":0,"51":0},"f":{"0":0,"1":0,"2":0,"3":0,"4":0,"5":0,"6":0,"7":0,"8":0,"9":0,"10":0,"11":0,"12":0,"13":0,"14":0,"15":0,"16":0,"17":0,"18":0,"19":0,"20":0,"21":0,"22":0},"b":{"0":[0],"1":[0,0],"2":[0,0],"3":[0,0],"4":[0,0],"5":[0,0],"6":[0,0]}}
,"/Users/owner/MyExpoApp/contexts/ThemeContext.tsx": {"path":"/Users/owner/MyExpoApp/contexts/ThemeContext.tsx","statementMap":{"0":{"start":{"line":5,"column":26},"end":{"line":18,"column":1}},"1":{"start":{"line":20,"column":25},"end":{"line":33,"column":1}},"2":{"start":{"line":43,"column":21},"end":{"line":43,"column":75}},"3":{"start":{"line":46,"column":28},"end":{"line":46,"column":44}},"4":{"start":{"line":47,"column":38},"end":{"line":47,"column":76}},"5":{"start":{"line":50,"column":2},"end":{"line":52,"column":26}},"6":{"start":{"line":51,"column":4},"end":{"line":51,"column":48}},"7":{"start":{"line":54,"column":22},"end":{"line":56,"column":3}},"8":{"start":{"line":55,"column":4},"end":{"line":55,"column":31}},"9":{"start":{"line":58,"column":16},"end":{"line":58,"column":51}},"10":{"start":{"line":60,"column":2},"end":{"line":64,"column":4}},"11":{"start":{"line":68,"column":18},"end":{"line":68,"column":42}},"12":{"start":{"line":69,"column":2},"end":{"line":71,"column":3}},"13":{"start":{"line":70,"column":4},"end":{"line":70,"column":68}},"14":{"start":{"line":72,"column":2},"end":{"line":72,"column":17}}},"fnMap":{"0":{"name":"ThemeProvider","decl":{"start":{"line":45,"column":16},"end":{"line":45,"column":29}},"loc":{"start":{"line":45,"column":75},"end":{"line":65,"column":1}},"line":45},"1":{"name":"(anonymous_1)","decl":{"start":{"line":50,"column":12},"end":{"line":50,"column":13}},"loc":{"start":{"line":50,"column":18},"end":{"line":52,"column":3}},"line":50},"2":{"name":"(anonymous_2)","decl":{"start":{"line":54,"column":22},"end":{"line":54,"column":23}},"loc":{"start":{"line":54,"column":28},"end":{"line":56,"column":3}},"line":54},"3":{"name":"useTheme","decl":{"start":{"line":67,"column":16},"end":{"line":67,"column":24}},"loc":{"start":{"line":67,"column":27},"end":{"line":73,"column":1}},"line":67}},"branchMap":{"0":{"loc":{"start":{"line":58,"column":16},"end":{"line":58,"column":51}},"type":"cond-expr","locations":[{"start":{"line":58,"column":29},"end":{"line":58,"column":38}},{"start":{"line":58,"column":41},"end":{"line":58,"column":51}}],"line":58},"1":{"loc":{"start":{"line":69,"column":2},"end":{"line":71,"column":3}},"type":"if","locations":[{"start":{"line":69,"column":2},"end":{"line":71,"column":3}},{"start":{},"end":{}}],"line":69}},"s":{"0":1,"1":1,"2":1,"3":7,"4":7,"5":7,"6":7,"7":7,"8":0,"9":7,"10":7,"11":49,"12":49,"13":0,"14":49},"f":{"0":7,"1":7,"2":0,"3":49},"b":{"0":[0,7],"1":[0,49]},"_coverageSchema":"1a1c01bbd47fc00a2c39e90264f33305004495a9","hash":"06884fa731e307ad9decbb77b4fd7064a5e360ef"}
,"/Users/owner/MyExpoApp/hooks/useColorScheme.ts": {"path":"/Users/owner/MyExpoApp/hooks/useColorScheme.ts","statementMap":{},"fnMap":{},"branchMap":{},"s":{},"f":{},"b":{},"_coverageSchema":"1a1c01bbd47fc00a2c39e90264f33305004495a9","hash":"1418245b6782123d6a7935ba81d5b885cdd48687"}
,"/Users/owner/MyExpoApp/hooks/useColorScheme.web.ts": {"path":"/Users/owner/MyExpoApp/hooks/useColorScheme.web.ts","statementMap":{"0":{"start":{"line":8,"column":40},"end":{"line":8,"column":55}},"1":{"start":{"line":10,"column":2},"end":{"line":12,"column":9}},"2":{"start":{"line":11,"column":4},"end":{"line":11,"column":25}},"3":{"start":{"line":14,"column":22},"end":{"line":14,"column":40}},"4":{"start":{"line":16,"column":2},"end":{"line":18,"column":3}},"5":{"start":{"line":17,"column":4},"end":{"line":17,"column":23}},"6":{"start":{"line":20,"column":2},"end":{"line":20,"column":17}}},"fnMap":{"0":{"name":"useColorScheme","decl":{"start":{"line":7,"column":16},"end":{"line":7,"column":30}},"loc":{"start":{"line":7,"column":33},"end":{"line":21,"column":1}},"line":7},"1":{"name":"(anonymous_1)","decl":{"start":{"line":10,"column":12},"end":{"line":10,"column":13}},"loc":{"start":{"line":10,"column":18},"end":{"line":12,"column":3}},"line":10}},"branchMap":{"0":{"loc":{"start":{"line":16,"column":2},"end":{"line":18,"column":3}},"type":"if","locations":[{"start":{"line":16,"column":2},"end":{"line":18,"column":3}},{"start":{},"end":{}}],"line":16}},"s":{"0":0,"1":0,"2":0,"3":0,"4":0,"5":0,"6":0},"f":{"0":0,"1":0},"b":{"0":[0,0]}}
,"/Users/owner/MyExpoApp/hooks/useThemeColor.ts": {"path":"/Users/owner/MyExpoApp/hooks/useThemeColor.ts","statementMap":{"0":{"start":{"line":13,"column":16},"end":{"line":13,"column":43}},"1":{"start":{"line":14,"column":25},"end":{"line":14,"column":37}},"2":{"start":{"line":16,"column":2},"end":{"line":20,"column":3}},"3":{"start":{"line":17,"column":4},"end":{"line":17,"column":26}},"4":{"start":{"line":19,"column":4},"end":{"line":19,"column":36}}},"fnMap":{"0":{"name":"useThemeColor","decl":{"start":{"line":9,"column":16},"end":{"line":9,"column":29}},"loc":{"start":{"line":12,"column":2},"end":{"line":21,"column":1}},"line":12}},"branchMap":{"0":{"loc":{"start":{"line":13,"column":16},"end":{"line":13,"column":43}},"type":"binary-expr","locations":[{"start":{"line":13,"column":16},"end":{"line":13,"column":32}},{"start":{"line":13,"column":36},"end":{"line":13,"column":43}}],"line":13},"1":{"loc":{"start":{"line":16,"column":2},"end":{"line":20,"column":3}},"type":"if","locations":[{"start":{"line":16,"column":2},"end":{"line":20,"column":3}},{"start":{"line":18,"column":9},"end":{"line":20,"column":3}}],"line":16}},"s":{"0":1,"1":1,"2":1,"3":0,"4":1},"f":{"0":1},"b":{"0":[1,0],"1":[0,1]},"_coverageSchema":"1a1c01bbd47fc00a2c39e90264f33305004495a9","hash":"573fb37cf025f6d9676f9e1ca1dd12bf4105c652"}
,"/Users/owner/MyExpoApp/scripts/reset-project.js": {"path":"/Users/owner/MyExpoApp/scripts/reset-project.js","statementMap":{"0":{"start":{"line":9,"column":11},"end":{"line":9,"column":24}},"1":{"start":{"line":10,"column":13},"end":{"line":10,"column":28}},"2":{"start":{"line":11,"column":17},"end":{"line":11,"column":36}},"3":{"start":{"line":13,"column":13},"end":{"line":13,"column":26}},"4":{"start":{"line":14,"column":16},"end":{"line":14,"column":70}},"5":{"start":{"line":15,"column":19},"end":{"line":15,"column":32}},"6":{"start":{"line":16,"column":18},"end":{"line":16,"column":23}},"7":{"start":{"line":17,"column":23},"end":{"line":17,"column":50}},"8":{"start":{"line":19,"column":21},"end":{"line":34,"column":1}},"9":{"start":{"line":36,"column":22},"end":{"line":41,"column":1}},"10":{"start":{"line":43,"column":11},"end":{"line":46,"column":2}},"11":{"start":{"line":48,"column":24},"end":{"line":99,"column":1}},"12":{"start":{"line":49,"column":2},"end":{"line":98,"column":3}},"13":{"start":{"line":50,"column":4},"end":{"line":54,"column":5}},"14":{"start":{"line":52,"column":6},"end":{"line":52,"column":67}},"15":{"start":{"line":53,"column":6},"end":{"line":53,"column":58}},"16":{"start":{"line":57,"column":4},"end":{"line":71,"column":5}},"17":{"start":{"line":58,"column":25},"end":{"line":58,"column":45}},"18":{"start":{"line":59,"column":6},"end":{"line":70,"column":7}},"19":{"start":{"line":60,"column":8},"end":{"line":67,"column":9}},"20":{"start":{"line":61,"column":29},"end":{"line":61,"column":61}},"21":{"start":{"line":62,"column":10},"end":{"line":62,"column":59}},"22":{"start":{"line":63,"column":10},"end":{"line":63,"column":68}},"23":{"start":{"line":65,"column":10},"end":{"line":65,"column":77}},"24":{"start":{"line":66,"column":10},"end":{"line":66,"column":44}},"25":{"start":{"line":69,"column":8},"end":{"line":69,"column":60}},"26":{"start":{"line":74,"column":26},"end":{"line":74,"column":52}},"27":{"start":{"line":75,"column":4},"end":{"line":75,"column":64}},"28":{"start":{"line":76,"column":4},"end":{"line":76,"column":52}},"29":{"start":{"line":79,"column":22},"end":{"line":79,"column":59}},"30":{"start":{"line":80,"column":4},"end":{"line":80,"column":57}},"31":{"start":{"line":81,"column":4},"end":{"line":81,"column":45}},"32":{"start":{"line":84,"column":23},"end":{"line":84,"column":62}},"33":{"start":{"line":85,"column":4},"end":{"line":85,"column":59}},"34":{"start":{"line":86,"column":4},"end":{"line":86,"column":47}},"35":{"start":{"line":88,"column":4},"end":{"line":88,"column":59}},"36":{"start":{"line":89,"column":4},"end":{"line":95,"column":6}},"37":{"start":{"line":97,"column":4},"end":{"line":97,"column":71}},"38":{"start":{"line":101,"column":0},"end":{"line":112,"column":2}},"39":{"start":{"line":104,"column":22},"end":{"line":104,"column":56}},"40":{"start":{"line":105,"column":4},"end":{"line":110,"column":5}},"41":{"start":{"line":106,"column":6},"end":{"line":106,"column":59}},"42":{"start":{"line":106,"column":47},"end":{"line":106,"column":57}},"43":{"start":{"line":108,"column":6},"end":{"line":108,"column":63}},"44":{"start":{"line":109,"column":6},"end":{"line":109,"column":17}}},"fnMap":{"0":{"name":"(anonymous_0)","decl":{"start":{"line":48,"column":24},"end":{"line":48,"column":25}},"loc":{"start":{"line":48,"column":45},"end":{"line":99,"column":1}},"line":48},"1":{"name":"(anonymous_1)","decl":{"start":{"line":103,"column":2},"end":{"line":103,"column":3}},"loc":{"start":{"line":103,"column":14},"end":{"line":111,"column":3}},"line":103},"2":{"name":"(anonymous_2)","decl":{"start":{"line":106,"column":41},"end":{"line":106,"column":42}},"loc":{"start":{"line":106,"column":47},"end":{"line":106,"column":57}},"line":106}},"branchMap":{"0":{"loc":{"start":{"line":50,"column":4},"end":{"line":54,"column":5}},"type":"if","locations":[{"start":{"line":50,"column":4},"end":{"line":54,"column":5}},{"start":{},"end":{}}],"line":50},"1":{"loc":{"start":{"line":59,"column":6},"end":{"line":70,"column":7}},"type":"if","locations":[{"start":{"line":59,"column":6},"end":{"line":70,"column":7}},{"start":{"line":68,"column":13},"end":{"line":70,"column":7}}],"line":59},"2":{"loc":{"start":{"line":60,"column":8},"end":{"line":67,"column":9}},"type":"if","locations":[{"start":{"line":60,"column":8},"end":{"line":67,"column":9}},{"start":{"line":64,"column":15},"end":{"line":67,"column":9}}],"line":60},"3":{"loc":{"start":{"line":91,"column":8},"end":{"line":93,"column":14}},"type":"cond-expr","locations":[{"start":{"line":92,"column":12},"end":{"line":92,"column":87}},{"start":{"line":93,"column":12},"end":{"line":93,"column":14}}],"line":91},"4":{"loc":{"start":{"line":104,"column":22},"end":{"line":104,"column":56}},"type":"binary-expr","locations":[{"start":{"line":104,"column":22},"end":{"line":104,"column":49}},{"start":{"line":104,"column":53},"end":{"line":104,"column":56}}],"line":104},"5":{"loc":{"start":{"line":105,"column":4},"end":{"line":110,"column":5}},"type":"if","locations":[{"start":{"line":105,"column":4},"end":{"line":110,"column":5}},{"start":{"line":107,"column":11},"end":{"line":110,"column":5}}],"line":105},"6":{"loc":{"start":{"line":105,"column":8},"end":{"line":105,"column":46}},"type":"binary-expr","locations":[{"start":{"line":105,"column":8},"end":{"line":105,"column":25}},{"start":{"line":105,"column":29},"end":{"line":105,"column":46}}],"line":105}},"s":{"0":0,"1":0,"2":0,"3":0,"4":0,"5":0,"6":0,"7":0,"8":0,"9":0,"10":0,"11":0,"12":0,"13":0,"14":0,"15":0,"16":0,"17":0,"18":0,"19":0,"20":0,"21":0,"22":0,"23":0,"24":0,"25":0,"26":0,"27":0,"28":0,"29":0,"30":0,"31":0,"32":0,"33":0,"34":0,"35":0,"36":0,"37":0,"38":0,"39":0,"40":0,"41":0,"42":0,"43":0,"44":0},"f":{"0":0,"1":0,"2":0},"b":{"0":[0,0],"1":[0,0],"2":[0,0],"3":[0,0],"4":[0,0],"5":[0,0],"6":[0,0]}}
}
