TN:
SF:expo-env.d.ts
FNF:0
FNH:0
LF:0
LH:0
BRF:0
BRH:0
end_of_record
TN:
SF:jest.config.js
FNF:0
FNH:0
DA:1,0
LF:1
LH:0
BRF:0
BRH:0
end_of_record
TN:
SF:.expo/types/router.d.ts
FNF:0
FNH:0
LF:0
LH:0
BRF:0
BRH:0
end_of_record
TN:
SF:app/_layout.tsx
FN:9,TabsNavigator
FN:30,(anonymous_1)
FN:39,(anonymous_2)
FN:48,(anonymous_3)
FN:57,(anonymous_4)
FN:66,(anonymous_5)
FN:76,AppLayout
FNF:7
FNH:0
FNDA:0,TabsNavigator
FNDA:0,(anonymous_1)
FNDA:0,(anonymous_2)
FNDA:0,(anonymous_3)
FNDA:0,(anonymous_4)
FNDA:0,(anonymous_5)
FNDA:0,AppLayout
DA:10,0
DA:12,0
DA:31,0
DA:40,0
DA:49,0
DA:58,0
DA:67,0
DA:77,0
DA:86,0
LF:9
LH:0
BRDA:14,0,0,0
BRDA:14,0,1,0
BRF:2
BRH:0
end_of_record
TN:
SF:app/cart.tsx
FN:18,CartScreen
FN:29,(anonymous_1)
FN:33,(anonymous_2)
FN:38,(anonymous_3)
FN:50,(anonymous_4)
FN:59,(anonymous_5)
FN:88,(anonymous_6)
FN:102,(anonymous_7)
FN:115,(anonymous_8)
FN:138,(anonymous_9)
FN:149,(anonymous_10)
FN:167,(anonymous_11)
FNF:12
FNH:0
FNDA:0,CartScreen
FNDA:0,(anonymous_1)
FNDA:0,(anonymous_2)
FNDA:0,(anonymous_3)
FNDA:0,(anonymous_4)
FNDA:0,(anonymous_5)
FNDA:0,(anonymous_6)
FNDA:0,(anonymous_7)
FNDA:0,(anonymous_8)
FNDA:0,(anonymous_9)
FNDA:0,(anonymous_10)
FNDA:0,(anonymous_11)
DA:26,0
DA:27,0
DA:29,0
DA:30,0
DA:33,0
DA:38,0
DA:39,0
DA:59,0
DA:60,0
DA:62,0
DA:88,0
DA:102,0
DA:115,0
DA:124,0
DA:139,0
DA:149,0
DA:167,0
DA:229,0
LF:18
LH:0
BRDA:128,0,0,0
BRDA:128,0,1,0
BRDA:135,1,0,0
BRDA:135,1,1,0
BRDA:170,2,0,0
BRDA:170,2,1,0
BRDA:177,3,0,0
BRDA:177,3,1,0
BRF:8
BRH:0
end_of_record
TN:
SF:app/categories.tsx
FN:19,CategoriesScreen
FN:23,(anonymous_1)
FN:32,(anonymous_2)
FN:36,(anonymous_3)
FN:77,(anonymous_4)
FNF:5
FNH:0
FNDA:0,CategoriesScreen
FNDA:0,(anonymous_1)
FNDA:0,(anonymous_2)
FNDA:0,(anonymous_3)
FNDA:0,(anonymous_4)
DA:20,0
DA:21,0
DA:23,0
DA:26,0
DA:32,0
DA:33,0
DA:36,0
DA:60,0
DA:77,0
DA:85,0
LF:10
LH:0
BRDA:64,0,0,0
BRDA:64,0,1,0
BRF:2
BRH:0
end_of_record
TN:
SF:app/index.tsx
FN:5,HomeScreen
FNF:1
FNH:0
FNDA:0,HomeScreen
DA:6,0
DA:9,0
LF:2
LH:0
BRF:0
BRH:0
end_of_record
TN:
SF:app/products.tsx
FN:20,ProductsScreen
FN:30,(anonymous_1)
FN:35,(anonymous_2)
FN:47,(anonymous_3)
FN:58,(anonymous_4)
FN:63,(anonymous_5)
FN:66,(anonymous_6)
FN:82,(anonymous_7)
FN:92,(anonymous_8)
FN:101,(anonymous_9)
FN:123,(anonymous_10)
FN:134,(anonymous_11)
FN:144,(anonymous_12)
FN:158,(anonymous_13)
FN:165,(anonymous_14)
FN:193,(anonymous_15)
FN:225,(anonymous_16)
FN:240,(anonymous_17)
FN:248,(anonymous_18)
FN:270,(anonymous_19)
FN:275,(anonymous_20)
FNF:21
FNH:0
FNDA:0,ProductsScreen
FNDA:0,(anonymous_1)
FNDA:0,(anonymous_2)
FNDA:0,(anonymous_3)
FNDA:0,(anonymous_4)
FNDA:0,(anonymous_5)
FNDA:0,(anonymous_6)
FNDA:0,(anonymous_7)
FNDA:0,(anonymous_8)
FNDA:0,(anonymous_9)
FNDA:0,(anonymous_10)
FNDA:0,(anonymous_11)
FNDA:0,(anonymous_12)
FNDA:0,(anonymous_13)
FNDA:0,(anonymous_14)
FNDA:0,(anonymous_15)
FNDA:0,(anonymous_16)
FNDA:0,(anonymous_17)
FNDA:0,(anonymous_18)
FNDA:0,(anonymous_19)
FNDA:0,(anonymous_20)
DA:22,0
DA:23,0
DA:24,0
DA:25,0
DA:26,0
DA:27,0
DA:30,0
DA:31,0
DA:35,0
DA:36,0
DA:37,0
DA:40,0
DA:41,0
DA:43,0
DA:47,0
DA:48,0
DA:50,0
DA:53,0
DA:54,0
DA:58,0
DA:60,0
DA:63,0
DA:64,0
DA:67,0
DA:82,0
DA:83,0
DA:92,0
DA:101,0
DA:123,0
DA:134,0
DA:135,0
DA:144,0
DA:158,0
DA:165,0
DA:179,0
DA:193,0
DA:225,0
DA:241,0
DA:249,0
DA:270,0
DA:276,0
DA:293,0
LF:42
LH:0
BRDA:36,0,0,0
BRDA:36,0,1,0
BRDA:37,1,0,0
BRDA:37,1,1,0
BRDA:40,2,0,0
BRDA:40,2,1,0
BRDA:41,3,0,0
BRDA:41,3,1,0
BRDA:43,4,0,0
BRDA:43,4,1,0
BRDA:48,5,0,0
BRDA:48,5,1,0
BRDA:50,6,0,0
BRDA:50,6,1,0
BRDA:69,7,0,0
BRDA:69,7,1,0
BRDA:71,8,0,0
BRDA:71,8,1,0
BRDA:104,9,0,0
BRDA:104,9,1,0
BRDA:106,10,0,0
BRDA:106,10,1,0
BRDA:122,11,0,0
BRDA:122,11,1,0
BRDA:126,12,0,0
BRDA:126,12,1,0
BRDA:157,13,0,0
BRDA:157,13,1,0
BRDA:161,14,0,0
BRDA:161,14,1,0
BRDA:168,15,0,0
BRDA:168,15,1,0
BRDA:170,16,0,0
BRDA:170,16,1,0
BRDA:183,17,0,0
BRDA:183,17,1,0
BRDA:196,18,0,0
BRDA:196,18,1,0
BRDA:224,19,0,0
BRDA:224,19,1,0
BRDA:246,20,0,0
BRDA:246,20,1,0
BRDA:256,21,0,0
BRDA:256,21,1,0
BRDA:260,22,0,0
BRDA:260,22,1,0
BRDA:260,23,0,0
BRDA:260,23,1,0
BRDA:269,24,0,0
BRDA:269,24,1,0
BRDA:271,25,0,0
BRDA:271,25,1,0
BRDA:272,26,0,0
BRDA:272,26,1,0
BRF:54
BRH:0
end_of_record
TN:
SF:app/profile.tsx
FN:20,ProfileScreen
FN:25,(anonymous_1)
FN:33,(anonymous_2)
FN:38,(anonymous_3)
FN:74,(anonymous_4)
FN:150,(anonymous_5)
FN:152,(anonymous_6)
FN:156,(anonymous_7)
FN:162,(anonymous_8)
FN:164,(anonymous_9)
FN:184,(anonymous_10)
FN:185,(anonymous_11)
FN:193,(anonymous_12)
FN:194,(anonymous_13)
FN:198,(anonymous_14)
FN:203,(anonymous_15)
FNF:16
FNH:0
FNDA:0,ProfileScreen
FNDA:0,(anonymous_1)
FNDA:0,(anonymous_2)
FNDA:0,(anonymous_3)
FNDA:0,(anonymous_4)
FNDA:0,(anonymous_5)
FNDA:0,(anonymous_6)
FNDA:0,(anonymous_7)
FNDA:0,(anonymous_8)
FNDA:0,(anonymous_9)
FNDA:0,(anonymous_10)
FNDA:0,(anonymous_11)
FNDA:0,(anonymous_12)
FNDA:0,(anonymous_13)
FNDA:0,(anonymous_14)
FNDA:0,(anonymous_15)
DA:21,0
DA:22,0
DA:23,0
DA:25,0
DA:26,0
DA:33,0
DA:38,0
DA:44,0
DA:74,0
DA:80,0
DA:102,0
DA:227,0
LF:12
LH:0
BRDA:59,0,0,0
BRDA:59,0,1,0
BRDA:59,0,2,0
BRDA:93,1,0,0
BRDA:93,1,1,0
BRDA:106,2,0,0
BRDA:106,2,1,0
BRF:7
BRH:0
end_of_record
TN:
SF:app/product/[id].tsx
FN:19,ProductDetailScreen
FN:31,(anonymous_1)
FN:45,(anonymous_2)
FN:58,(anonymous_3)
FN:67,(anonymous_4)
FN:72,(anonymous_5)
FN:83,(anonymous_6)
FN:83,(anonymous_7)
FN:85,(anonymous_8)
FN:87,(anonymous_9)
FN:91,(anonymous_10)
FN:94,(anonymous_11)
FN:115,(anonymous_12)
FN:125,(anonymous_13)
FN:154,(anonymous_14)
FN:157,(anonymous_15)
FNF:16
FNH:0
FNDA:0,ProductDetailScreen
FNDA:0,(anonymous_1)
FNDA:0,(anonymous_2)
FNDA:0,(anonymous_3)
FNDA:0,(anonymous_4)
FNDA:0,(anonymous_5)
FNDA:0,(anonymous_6)
FNDA:0,(anonymous_7)
FNDA:0,(anonymous_8)
FNDA:0,(anonymous_9)
FNDA:0,(anonymous_10)
FNDA:0,(anonymous_11)
FNDA:0,(anonymous_12)
FNDA:0,(anonymous_13)
FNDA:0,(anonymous_14)
FNDA:0,(anonymous_15)
DA:20,0
DA:21,0
DA:22,0
DA:25,0
DA:27,0
DA:28,0
DA:31,0
DA:33,0
DA:34,0
DA:45,0
DA:52,0
DA:58,0
DA:59,0
DA:60,0
DA:67,0
DA:68,0
DA:69,0
DA:72,0
DA:73,0
DA:74,0
DA:79,0
DA:83,0
DA:85,0
DA:86,0
DA:87,0
DA:91,0
DA:92,0
DA:95,0
DA:107,0
DA:116,0
DA:125,0
DA:155,0
DA:157,0
DA:257,0
LF:34
LH:0
BRDA:21,0,0,0
BRDA:21,0,1,0
BRDA:33,1,0,0
BRDA:33,1,1,0
BRDA:86,2,0,0
BRDA:86,2,1,0
BRDA:97,3,0,0
BRDA:97,3,1,0
BRDA:99,4,0,0
BRDA:99,4,1,0
BRDA:128,5,0,0
BRDA:128,5,1,0
BRDA:130,6,0,0
BRDA:130,6,1,0
BRDA:160,7,0,0
BRDA:160,7,1,0
BRDA:183,8,0,0
BRDA:183,8,1,0
BRDA:189,9,0,0
BRDA:189,9,1,0
BRDA:192,10,0,0
BRDA:192,10,1,0
BRDA:218,11,0,0
BRDA:218,11,1,0
BRDA:238,12,0,0
BRDA:238,12,1,0
BRDA:242,13,0,0
BRDA:242,13,1,0
BRF:28
BRH:0
end_of_record
TN:
SF:components/Collapsible.tsx
FN:10,Collapsible
FN:18,(anonymous_1)
FN:18,(anonymous_2)
FNF:3
FNH:0
FNDA:0,Collapsible
FNDA:0,(anonymous_1)
FNDA:0,(anonymous_2)
DA:11,0
DA:12,0
DA:14,0
DA:18,0
DA:35,0
LF:5
LH:0
BRDA:12,0,0,0
BRDA:12,0,1,0
BRDA:24,1,0,0
BRDA:24,1,1,0
BRDA:25,2,0,0
BRDA:25,2,1,0
BRDA:30,3,0,0
BRDA:30,3,1,0
BRF:8
BRH:0
end_of_record
TN:
SF:components/EcommerceLanding.tsx
FN:35,EcommerceLanding
FN:45,(anonymous_1)
FN:94,(anonymous_2)
FN:97,(anonymous_3)
FN:150,(anonymous_4)
FN:161,(anonymous_5)
FN:223,(anonymous_6)
FN:236,(anonymous_7)
FN:267,(anonymous_8)
FN:317,(anonymous_9)
FNF:10
FNH:7
FNDA:7,EcommerceLanding
FNDA:7,(anonymous_1)
FNDA:21,(anonymous_2)
FNDA:105,(anonymous_3)
FNDA:0,(anonymous_4)
FNDA:0,(anonymous_5)
FNDA:7,(anonymous_6)
FNDA:21,(anonymous_7)
FNDA:0,(anonymous_8)
FNDA:1,(anonymous_9)
DA:36,7
DA:37,7
DA:38,7
DA:41,7
DA:42,7
DA:43,7
DA:45,7
DA:46,7
DA:67,7
DA:94,7
DA:95,21
DA:98,105
DA:111,7
DA:223,7
DA:237,21
DA:327,1
LF:16
LH:16
BRDA:100,0,0,84
BRDA:100,0,1,21
BRDA:118,1,0,0
BRDA:118,1,1,7
BRDA:225,2,0,7
BRDA:225,2,1,0
BRDA:280,3,0,0
BRDA:280,3,1,7
BRF:8
BRH:5
end_of_record
TN:
SF:components/ExternalLink.tsx
FN:8,ExternalLink
FN:14,(anonymous_1)
FNF:2
FNH:0
FNDA:0,ExternalLink
FNDA:0,(anonymous_1)
DA:9,0
DA:15,0
DA:17,0
DA:19,0
LF:4
LH:0
BRDA:15,0,0,0
BRDA:15,0,1,0
BRF:2
BRH:0
end_of_record
TN:
SF:components/HapticTab.tsx
FN:5,HapticTab
FN:9,(anonymous_1)
FNF:2
FNH:0
FNDA:0,HapticTab
FNDA:0,(anonymous_1)
DA:6,0
DA:10,0
DA:12,0
DA:14,0
LF:4
LH:0
BRDA:10,0,0,0
BRDA:10,0,1,0
BRF:2
BRH:0
end_of_record
TN:
SF:components/HelloWave.tsx
FN:13,HelloWave
FN:16,(anonymous_1)
FN:23,(anonymous_2)
FNF:3
FNH:0
FNDA:0,HelloWave
FNDA:0,(anonymous_1)
FNDA:0,(anonymous_2)
DA:14,0
DA:16,0
DA:17,0
DA:23,0
DA:27,0
DA:34,0
LF:6
LH:0
BRF:0
BRH:0
end_of_record
TN:
SF:components/ParallaxScrollView.tsx
FN:21,ParallaxScrollView
FN:30,(anonymous_1)
FNF:2
FNH:0
FNDA:0,ParallaxScrollView
FNDA:0,(anonymous_1)
DA:14,0
DA:26,0
DA:27,0
DA:28,0
DA:29,0
DA:30,0
DA:31,0
DA:47,0
DA:68,0
LF:9
LH:0
BRDA:26,0,0,0
BRDA:26,0,1,0
BRF:2
BRH:0
end_of_record
TN:
SF:components/ThemedText.tsx
FN:11,ThemedText
FNF:1
FNH:1
FNDA:1,ThemedText
DA:18,1
DA:20,1
DA:36,1
LF:3
LH:3
BRDA:15,0,0,1
BRDA:24,1,0,1
BRDA:24,1,1,0
BRDA:25,2,0,0
BRDA:25,2,1,1
BRDA:26,3,0,0
BRDA:26,3,1,1
BRDA:27,4,0,0
BRDA:27,4,1,1
BRDA:28,5,0,0
BRDA:28,5,1,1
BRF:11
BRH:6
end_of_record
TN:
SF:components/ThemedView.tsx
FN:10,ThemedView
FNF:1
FNH:0
FNDA:0,ThemedView
DA:11,0
DA:13,0
LF:2
LH:0
BRF:0
BRH:0
end_of_record
TN:
SF:components/ui/IconComponents.tsx
FN:15,(anonymous_0)
FN:22,(anonymous_1)
FN:26,(anonymous_2)
FN:30,(anonymous_3)
FNF:4
FNH:4
FNDA:7,(anonymous_0)
FNDA:7,(anonymous_1)
FNDA:105,(anonymous_2)
FNDA:7,(anonymous_3)
DA:15,1
DA:19,7
DA:22,1
DA:23,7
DA:26,1
DA:27,105
DA:30,1
DA:34,7
LF:8
LH:8
BRDA:16,0,0,0
BRDA:17,1,0,0
BRDA:22,2,0,0
BRDA:22,3,0,0
BRDA:26,4,0,0
BRDA:26,5,0,0
BRDA:31,6,0,0
BRDA:32,7,0,0
BRF:8
BRH:0
end_of_record
TN:
SF:components/ui/IconSymbol.ios.tsx
FN:4,IconSymbol
FNF:1
FNH:0
FNDA:0,IconSymbol
DA:17,0
LF:1
LH:0
BRDA:6,0,0,0
BRDA:9,1,0,0
BRF:2
BRH:0
end_of_record
TN:
SF:components/ui/IconSymbol.tsx
FN:30,IconSymbol
FNF:1
FNH:0
FNDA:0,IconSymbol
DA:9,0
DA:42,0
LF:2
LH:0
BRDA:32,0,0,0
BRF:1
BRH:0
end_of_record
TN:
SF:components/ui/TabBarBackground.ios.tsx
FN:6,BlurTabBarBackground
FN:18,useBottomTabOverflow
FNF:2
FNH:0
FNDA:0,BlurTabBarBackground
FNDA:0,useBottomTabOverflow
DA:7,0
DA:19,0
DA:20,0
DA:21,0
LF:4
LH:0
BRF:0
BRH:0
end_of_record
TN:
SF:components/ui/TabBarBackground.tsx
FN:4,useBottomTabOverflow
FNF:1
FNH:0
FNDA:0,useBottomTabOverflow
DA:5,0
LF:1
LH:0
BRF:0
BRH:0
end_of_record
TN:
SF:components/ui/badge.tsx
FN:12,Badge
FN:18,(anonymous_1)
FN:31,(anonymous_2)
FN:40,(anonymous_3)
FNF:4
FNH:4
FNDA:14,Badge
FNDA:14,(anonymous_1)
FNDA:14,(anonymous_2)
FNDA:14,(anonymous_3)
DA:18,14
DA:19,14
DA:21,0
DA:23,0
DA:25,14
DA:27,0
DA:31,14
DA:32,14
DA:34,14
DA:36,0
DA:40,14
DA:41,14
DA:44,0
DA:46,14
DA:48,0
DA:52,14
DA:78,1
LF:17
LH:11
BRDA:14,0,0,0
BRDA:19,1,0,0
BRDA:19,1,1,0
BRDA:19,1,2,14
BRDA:19,1,3,0
BRDA:32,2,0,14
BRDA:32,2,1,0
BRDA:41,3,0,0
BRDA:41,3,1,0
BRDA:41,3,2,14
BRDA:41,3,3,0
BRF:11
BRH:3
end_of_record
TN:
SF:components/ui/button.tsx
FN:19,Button
FNF:1
FNH:1
FNDA:42,Button
DA:26,42
DA:28,42
DA:41,42
DA:52,42
DA:59,1
LF:5
LH:5
BRDA:21,0,0,35
BRDA:30,1,0,42
BRDA:30,1,1,35
BRDA:33,2,0,42
BRDA:33,2,1,7
BRDA:43,3,0,42
BRDA:43,3,1,35
BRDA:46,4,0,42
BRDA:46,4,1,7
BRF:9
BRH:9
end_of_record
TN:
SF:constants/Colors.ts
FNF:0
FNH:0
DA:6,1
DA:7,1
DA:9,1
LF:3
LH:3
BRF:0
BRH:0
end_of_record
TN:
SF:contexts/ShopContext.tsx
FN:194,ShopProvider
FN:201,(anonymous_1)
FN:202,(anonymous_2)
FN:204,(anonymous_3)
FN:209,(anonymous_4)
FN:222,(anonymous_5)
FN:223,(anonymous_6)
FN:224,(anonymous_7)
FN:229,(anonymous_8)
FN:235,(anonymous_9)
FN:236,(anonymous_10)
FN:243,(anonymous_11)
FN:248,(anonymous_12)
FN:249,(anonymous_13)
FN:250,(anonymous_14)
FN:254,(anonymous_15)
FN:263,(anonymous_16)
FN:264,(anonymous_17)
FN:268,(anonymous_18)
FN:269,(anonymous_19)
FN:274,(anonymous_20)
FN:279,(anonymous_21)
FN:301,useShop
FNF:23
FNH:0
FNDA:0,ShopProvider
FNDA:0,(anonymous_1)
FNDA:0,(anonymous_2)
FNDA:0,(anonymous_3)
FNDA:0,(anonymous_4)
FNDA:0,(anonymous_5)
FNDA:0,(anonymous_6)
FNDA:0,(anonymous_7)
FNDA:0,(anonymous_8)
FNDA:0,(anonymous_9)
FNDA:0,(anonymous_10)
FNDA:0,(anonymous_11)
FNDA:0,(anonymous_12)
FNDA:0,(anonymous_13)
FNDA:0,(anonymous_14)
FNDA:0,(anonymous_15)
FNDA:0,(anonymous_16)
FNDA:0,(anonymous_17)
FNDA:0,(anonymous_18)
FNDA:0,(anonymous_19)
FNDA:0,(anonymous_20)
FNDA:0,(anonymous_21)
FNDA:0,useShop
DA:43,0
DA:46,0
DA:145,0
DA:195,0
DA:196,0
DA:197,0
DA:198,0
DA:201,0
DA:202,0
DA:203,0
DA:204,0
DA:207,0
DA:209,0
DA:210,0
DA:216,0
DA:222,0
DA:223,0
DA:224,0
DA:229,0
DA:230,0
DA:231,0
DA:232,0
DA:235,0
DA:236,0
DA:237,0
DA:243,0
DA:244,0
DA:248,0
DA:249,0
DA:250,0
DA:252,0
DA:254,0
DA:257,0
DA:263,0
DA:264,0
DA:268,0
DA:269,0
DA:273,0
DA:274,0
DA:279,0
DA:281,0
DA:297,0
DA:302,0
DA:303,0
DA:304,0
DA:306,0
LF:46
LH:0
BRDA:201,0,0,0
BRDA:207,1,0,0
BRDA:207,1,1,0
BRDA:210,2,0,0
BRDA:210,2,1,0
BRDA:230,3,0,0
BRDA:230,3,1,0
BRDA:237,4,0,0
BRDA:237,4,1,0
BRDA:252,5,0,0
BRDA:252,5,1,0
BRDA:303,6,0,0
BRDA:303,6,1,0
BRF:13
BRH:0
end_of_record
TN:
SF:contexts/ThemeContext.tsx
FN:45,ThemeProvider
FN:50,(anonymous_1)
FN:54,(anonymous_2)
FN:67,useTheme
FNF:4
FNH:3
FNDA:7,ThemeProvider
FNDA:7,(anonymous_1)
FNDA:0,(anonymous_2)
FNDA:49,useTheme
DA:5,1
DA:20,1
DA:43,1
DA:46,7
DA:47,7
DA:50,7
DA:51,7
DA:54,7
DA:55,0
DA:58,7
DA:60,7
DA:68,49
DA:69,49
DA:70,0
DA:72,49
LF:15
LH:13
BRDA:58,0,0,0
BRDA:58,0,1,7
BRDA:69,1,0,0
BRDA:69,1,1,49
BRF:4
BRH:2
end_of_record
TN:
SF:hooks/useColorScheme.ts
FNF:0
FNH:0
LF:0
LH:0
BRF:0
BRH:0
end_of_record
TN:
SF:hooks/useColorScheme.web.ts
FN:7,useColorScheme
FN:10,(anonymous_1)
FNF:2
FNH:0
FNDA:0,useColorScheme
FNDA:0,(anonymous_1)
DA:8,0
DA:10,0
DA:11,0
DA:14,0
DA:16,0
DA:17,0
DA:20,0
LF:7
LH:0
BRDA:16,0,0,0
BRDA:16,0,1,0
BRF:2
BRH:0
end_of_record
TN:
SF:hooks/useThemeColor.ts
FN:9,useThemeColor
FNF:1
FNH:1
FNDA:1,useThemeColor
DA:13,1
DA:14,1
DA:16,1
DA:17,0
DA:19,1
LF:5
LH:4
BRDA:13,0,0,1
BRDA:13,0,1,0
BRDA:16,1,0,0
BRDA:16,1,1,1
BRF:4
BRH:2
end_of_record
TN:
SF:scripts/reset-project.js
FN:48,(anonymous_0)
FN:103,(anonymous_1)
FN:106,(anonymous_2)
FNF:3
FNH:0
FNDA:0,(anonymous_0)
FNDA:0,(anonymous_1)
FNDA:0,(anonymous_2)
DA:9,0
DA:10,0
DA:11,0
DA:13,0
DA:14,0
DA:15,0
DA:16,0
DA:17,0
DA:19,0
DA:36,0
DA:43,0
DA:48,0
DA:49,0
DA:50,0
DA:52,0
DA:53,0
DA:57,0
DA:58,0
DA:59,0
DA:60,0
DA:61,0
DA:62,0
DA:63,0
DA:65,0
DA:66,0
DA:69,0
DA:74,0
DA:75,0
DA:76,0
DA:79,0
DA:80,0
DA:81,0
DA:84,0
DA:85,0
DA:86,0
DA:88,0
DA:89,0
DA:97,0
DA:101,0
DA:104,0
DA:105,0
DA:106,0
DA:108,0
DA:109,0
LF:44
LH:0
BRDA:50,0,0,0
BRDA:50,0,1,0
BRDA:59,1,0,0
BRDA:59,1,1,0
BRDA:60,2,0,0
BRDA:60,2,1,0
BRDA:91,3,0,0
BRDA:91,3,1,0
BRDA:104,4,0,0
BRDA:104,4,1,0
BRDA:105,5,0,0
BRDA:105,5,1,0
BRDA:105,6,0,0
BRDA:105,6,1,0
BRF:14
BRH:0
end_of_record
